CRITICAL - 2023-02-17 00:34:47 --> Object of class CodeIgniter\Email\Email could not be converted to string
in APPPATH\Controllers\Home.php on line 195.
 1 SYSTEMPATH\CodeIgniter.php(927): App\Controllers\Home->enquiry_message()
 2 SYSTEMPATH\CodeIgniter.php(482): CodeIgniter\CodeIgniter->runController(Object(App\Controllers\Home))
 3 SYSTEMPATH\CodeIgniter.php(351): CodeIgniter\CodeIgniter->handleRequest(null, Object(Config\Cache), false)
 4 FCPATH\index.php(67): CodeIgniter\CodeIgniter->run()
CRITICAL - 2023-02-17 00:44:24 --> Object of class CodeIgniter\Email\Email could not be converted to string
in APPPATH\Controllers\Home.php on line 195.
 1 SYSTEMPATH\CodeIgniter.php(927): App\Controllers\Home->enquiry_message()
 2 SYSTEMPATH\CodeIgniter.php(482): CodeIgniter\CodeIgniter->runController(Object(App\Controllers\Home))
 3 SYSTEMPATH\CodeIgniter.php(351): CodeIgniter\CodeIgniter->handleRequest(null, Object(Config\Cache), false)
 4 FCPATH\index.php(67): CodeIgniter\CodeIgniter->run()
CRITICAL - 2023-02-17 00:45:38 --> Object of class CodeIgniter\Email\Email could not be converted to string
in APPPATH\Controllers\Home.php on line 195.
 1 SYSTEMPATH\CodeIgniter.php(927): App\Controllers\Home->enquiry_message()
 2 SYSTEMPATH\CodeIgniter.php(482): CodeIgniter\CodeIgniter->runController(Object(App\Controllers\Home))
 3 SYSTEMPATH\CodeIgniter.php(351): CodeIgniter\CodeIgniter->handleRequest(null, Object(Config\Cache), false)
 4 FCPATH\index.php(67): CodeIgniter\CodeIgniter->run()
CRITICAL - 2023-02-17 00:46:00 --> Object of class CodeIgniter\Email\Email could not be converted to string
in APPPATH\Controllers\Home.php on line 195.
 1 SYSTEMPATH\CodeIgniter.php(927): App\Controllers\Home->enquiry_message()
 2 SYSTEMPATH\CodeIgniter.php(482): CodeIgniter\CodeIgniter->runController(Object(App\Controllers\Home))
 3 SYSTEMPATH\CodeIgniter.php(351): CodeIgniter\CodeIgniter->handleRequest(null, Object(Config\Cache), false)
 4 FCPATH\index.php(67): CodeIgniter\CodeIgniter->run()
CRITICAL - 2023-02-17 00:46:46 --> Object of class CodeIgniter\Email\Email could not be converted to string
in APPPATH\Controllers\Home.php on line 195.
 1 SYSTEMPATH\CodeIgniter.php(927): App\Controllers\Home->enquiry_message()
 2 SYSTEMPATH\CodeIgniter.php(482): CodeIgniter\CodeIgniter->runController(Object(App\Controllers\Home))
 3 SYSTEMPATH\CodeIgniter.php(351): CodeIgniter\CodeIgniter->handleRequest(null, Object(Config\Cache), false)
 4 FCPATH\index.php(67): CodeIgniter\CodeIgniter->run()
CRITICAL - 2023-02-17 00:47:23 --> Object of class CodeIgniter\Email\Email could not be converted to string
in APPPATH\Controllers\Home.php on line 195.
 1 SYSTEMPATH\CodeIgniter.php(927): App\Controllers\Home->enquiry_message()
 2 SYSTEMPATH\CodeIgniter.php(482): CodeIgniter\CodeIgniter->runController(Object(App\Controllers\Home))
 3 SYSTEMPATH\CodeIgniter.php(351): CodeIgniter\CodeIgniter->handleRequest(null, Object(Config\Cache), false)
 4 FCPATH\index.php(67): CodeIgniter\CodeIgniter->run()
CRITICAL - 2023-02-17 00:47:29 --> Object of class CodeIgniter\Email\Email could not be converted to string
in APPPATH\Controllers\Home.php on line 195.
 1 SYSTEMPATH\CodeIgniter.php(927): App\Controllers\Home->enquiry_message()
 2 SYSTEMPATH\CodeIgniter.php(482): CodeIgniter\CodeIgniter->runController(Object(App\Controllers\Home))
 3 SYSTEMPATH\CodeIgniter.php(351): CodeIgniter\CodeIgniter->handleRequest(null, Object(Config\Cache), false)
 4 FCPATH\index.php(67): CodeIgniter\CodeIgniter->run()
CRITICAL - 2023-02-17 00:58:23 --> Object of class CodeIgniter\Email\Email could not be converted to string
in APPPATH\Controllers\Home.php on line 195.
 1 SYSTEMPATH\CodeIgniter.php(927): App\Controllers\Home->enquiry_message()
 2 SYSTEMPATH\CodeIgniter.php(482): CodeIgniter\CodeIgniter->runController(Object(App\Controllers\Home))
 3 SYSTEMPATH\CodeIgniter.php(351): CodeIgniter\CodeIgniter->handleRequest(null, Object(Config\Cache), false)
 4 FCPATH\index.php(67): CodeIgniter\CodeIgniter->run()
CRITICAL - 2023-02-17 01:00:57 --> Object of class CodeIgniter\Email\Email could not be converted to string
in APPPATH\Controllers\Home.php on line 195.
 1 SYSTEMPATH\CodeIgniter.php(927): App\Controllers\Home->enquiry_message()
 2 SYSTEMPATH\CodeIgniter.php(482): CodeIgniter\CodeIgniter->runController(Object(App\Controllers\Home))
 3 SYSTEMPATH\CodeIgniter.php(351): CodeIgniter\CodeIgniter->handleRequest(null, Object(Config\Cache), false)
 4 FCPATH\index.php(67): CodeIgniter\CodeIgniter->run()
CRITICAL - 2023-02-17 01:02:21 --> Object of class CodeIgniter\Email\Email could not be converted to string
in APPPATH\Controllers\Home.php on line 195.
 1 SYSTEMPATH\CodeIgniter.php(927): App\Controllers\Home->enquiry_message()
 2 SYSTEMPATH\CodeIgniter.php(482): CodeIgniter\CodeIgniter->runController(Object(App\Controllers\Home))
 3 SYSTEMPATH\CodeIgniter.php(351): CodeIgniter\CodeIgniter->handleRequest(null, Object(Config\Cache), false)
 4 FCPATH\index.php(67): CodeIgniter\CodeIgniter->run()
CRITICAL - 2023-02-17 01:07:49 --> Object of class CodeIgniter\Email\Email could not be converted to string
in APPPATH\Controllers\Home.php on line 195.
 1 SYSTEMPATH\CodeIgniter.php(927): App\Controllers\Home->enquiry_message()
 2 SYSTEMPATH\CodeIgniter.php(482): CodeIgniter\CodeIgniter->runController(Object(App\Controllers\Home))
 3 SYSTEMPATH\CodeIgniter.php(351): CodeIgniter\CodeIgniter->handleRequest(null, Object(Config\Cache), false)
 4 FCPATH\index.php(67): CodeIgniter\CodeIgniter->run()
CRITICAL - 2023-02-17 01:09:01 --> Object of class CodeIgniter\Email\Email could not be converted to string
in APPPATH\Controllers\Home.php on line 195.
 1 SYSTEMPATH\CodeIgniter.php(927): App\Controllers\Home->enquiry_message()
 2 SYSTEMPATH\CodeIgniter.php(482): CodeIgniter\CodeIgniter->runController(Object(App\Controllers\Home))
 3 SYSTEMPATH\CodeIgniter.php(351): CodeIgniter\CodeIgniter->handleRequest(null, Object(Config\Cache), false)
 4 FCPATH\index.php(67): CodeIgniter\CodeIgniter->run()
ERROR - 2023-02-17 01:09:09 --> Email: sendWithSmtp throwed ErrorException: fsockopen(): php_network_getaddresses: getaddrinfo failed: No such host is known.  in C:\xampp\htdocs\MX_Bull_International\system\Email\Email.php:1863
Stack trace:
#0 [internal function]: CodeIgniter\Debug\Exceptions->errorHandler(2, 'fsockopen(): ph...', 'C:\\xampp\\htdocs...', 1863, Array)
#1 C:\xampp\htdocs\MX_Bull_International\system\Email\Email.php(1863): fsockopen('tls://mail.mxbu...', 465, 0, 'php_network_get...', 50)
#2 C:\xampp\htdocs\MX_Bull_International\system\Email\Email.php(1777): CodeIgniter\Email\Email->SMTPConnect()
#3 C:\xampp\htdocs\MX_Bull_International\system\Email\Email.php(1662): CodeIgniter\Email\Email->sendWithSmtp()
#4 C:\xampp\htdocs\MX_Bull_International\system\Email\Email.php(1560): CodeIgniter\Email\Email->spoolEmail()
#5 C:\xampp\htdocs\MX_Bull_International\app\Controllers\Home.php(233): CodeIgniter\Email\Email->send()
#6 C:\xampp\htdocs\MX_Bull_International\system\CodeIgniter.php(927): App\Controllers\Home->enquiry_message()
#7 C:\xampp\htdocs\MX_Bull_International\system\CodeIgniter.php(482): CodeIgniter\CodeIgniter->runController(Object(App\Controllers\Home))
#8 C:\xampp\htdocs\MX_Bull_International\system\CodeIgniter.php(351): CodeIgniter\CodeIgniter->handleRequest(NULL, Object(Config\Cache), false)
#9 C:\xampp\htdocs\MX_Bull_International\index.php(67): CodeIgniter\CodeIgniter->run()
#10 {main}
ERROR - 2023-02-17 01:09:09 --> Email: Unable to send email using SMTP. Your server might not be configured to send mail using this method.
ERROR - 2023-02-17 01:09:09 --> 
ERROR - 2023-02-17 01:10:30 --> Email: sendWithSmtp throwed ErrorException: fsockopen(): php_network_getaddresses: getaddrinfo failed: No such host is known.  in C:\xampp\htdocs\MX_Bull_International\system\Email\Email.php:1863
Stack trace:
#0 [internal function]: CodeIgniter\Debug\Exceptions->errorHandler(2, 'fsockopen(): ph...', 'C:\\xampp\\htdocs...', 1863, Array)
#1 C:\xampp\htdocs\MX_Bull_International\system\Email\Email.php(1863): fsockopen('tls://mail.mxbu...', 465, 0, 'php_network_get...', 50)
#2 C:\xampp\htdocs\MX_Bull_International\system\Email\Email.php(1777): CodeIgniter\Email\Email->SMTPConnect()
#3 C:\xampp\htdocs\MX_Bull_International\system\Email\Email.php(1662): CodeIgniter\Email\Email->sendWithSmtp()
#4 C:\xampp\htdocs\MX_Bull_International\system\Email\Email.php(1560): CodeIgniter\Email\Email->spoolEmail()
#5 C:\xampp\htdocs\MX_Bull_International\app\Controllers\Home.php(233): CodeIgniter\Email\Email->send()
#6 C:\xampp\htdocs\MX_Bull_International\system\CodeIgniter.php(927): App\Controllers\Home->enquiry_message()
#7 C:\xampp\htdocs\MX_Bull_International\system\CodeIgniter.php(482): CodeIgniter\CodeIgniter->runController(Object(App\Controllers\Home))
#8 C:\xampp\htdocs\MX_Bull_International\system\CodeIgniter.php(351): CodeIgniter\CodeIgniter->handleRequest(NULL, Object(Config\Cache), false)
#9 C:\xampp\htdocs\MX_Bull_International\index.php(67): CodeIgniter\CodeIgniter->run()
#10 {main}
ERROR - 2023-02-17 01:10:30 --> Email: Unable to send email using SMTP. Your server might not be configured to send mail using this method.
ERROR - 2023-02-17 01:10:30 --> 
ERROR - 2023-02-17 01:12:11 --> Email: sendWithSmtp throwed ErrorException: fsockopen(): php_network_getaddresses: getaddrinfo failed: No such host is known.  in C:\xampp\htdocs\MX_Bull_International\system\Email\Email.php:1863
Stack trace:
#0 [internal function]: CodeIgniter\Debug\Exceptions->errorHandler(2, 'fsockopen(): ph...', 'C:\\xampp\\htdocs...', 1863, Array)
#1 C:\xampp\htdocs\MX_Bull_International\system\Email\Email.php(1863): fsockopen('tls://mail.mxbu...', 465, 0, 'php_network_get...', 50)
#2 C:\xampp\htdocs\MX_Bull_International\system\Email\Email.php(1777): CodeIgniter\Email\Email->SMTPConnect()
#3 C:\xampp\htdocs\MX_Bull_International\system\Email\Email.php(1662): CodeIgniter\Email\Email->sendWithSmtp()
#4 C:\xampp\htdocs\MX_Bull_International\system\Email\Email.php(1560): CodeIgniter\Email\Email->spoolEmail()
#5 C:\xampp\htdocs\MX_Bull_International\app\Controllers\Home.php(233): CodeIgniter\Email\Email->send()
#6 C:\xampp\htdocs\MX_Bull_International\system\CodeIgniter.php(927): App\Controllers\Home->enquiry_message()
#7 C:\xampp\htdocs\MX_Bull_International\system\CodeIgniter.php(482): CodeIgniter\CodeIgniter->runController(Object(App\Controllers\Home))
#8 C:\xampp\htdocs\MX_Bull_International\system\CodeIgniter.php(351): CodeIgniter\CodeIgniter->handleRequest(NULL, Object(Config\Cache), false)
#9 C:\xampp\htdocs\MX_Bull_International\index.php(67): CodeIgniter\CodeIgniter->run()
#10 {main}
ERROR - 2023-02-17 01:12:11 --> Email: Unable to send email using SMTP. Your server might not be configured to send mail using this method.
ERROR - 2023-02-17 01:12:11 --> 
ERROR - 2023-02-17 01:24:13 --> Email: sendWithSmtp throwed ErrorException: fsockopen(): php_network_getaddresses: getaddrinfo failed: No such host is known.  in C:\xampp\htdocs\MX_Bull_International\system\Email\Email.php:1863
Stack trace:
#0 [internal function]: CodeIgniter\Debug\Exceptions->errorHandler(2, 'fsockopen(): ph...', 'C:\\xampp\\htdocs...', 1863, Array)
#1 C:\xampp\htdocs\MX_Bull_International\system\Email\Email.php(1863): fsockopen('tls://mail.mxbu...', 465, 0, 'php_network_get...', 50)
#2 C:\xampp\htdocs\MX_Bull_International\system\Email\Email.php(1777): CodeIgniter\Email\Email->SMTPConnect()
#3 C:\xampp\htdocs\MX_Bull_International\system\Email\Email.php(1662): CodeIgniter\Email\Email->sendWithSmtp()
#4 C:\xampp\htdocs\MX_Bull_International\system\Email\Email.php(1560): CodeIgniter\Email\Email->spoolEmail()
#5 C:\xampp\htdocs\MX_Bull_International\app\Controllers\Home.php(233): CodeIgniter\Email\Email->send()
#6 C:\xampp\htdocs\MX_Bull_International\system\CodeIgniter.php(927): App\Controllers\Home->enquiry_message()
#7 C:\xampp\htdocs\MX_Bull_International\system\CodeIgniter.php(482): CodeIgniter\CodeIgniter->runController(Object(App\Controllers\Home))
#8 C:\xampp\htdocs\MX_Bull_International\system\CodeIgniter.php(351): CodeIgniter\CodeIgniter->handleRequest(NULL, Object(Config\Cache), false)
#9 C:\xampp\htdocs\MX_Bull_International\index.php(67): CodeIgniter\CodeIgniter->run()
#10 {main}
ERROR - 2023-02-17 01:24:13 --> Email: Unable to send email using SMTP. Your server might not be configured to send mail using this method.
ERROR - 2023-02-17 01:24:13 --> 
ERROR - 2023-02-17 01:25:47 --> Email: sendWithSmtp throwed ErrorException: fsockopen(): php_network_getaddresses: getaddrinfo failed: No such host is known.  in C:\xampp\htdocs\MX_Bull_International\system\Email\Email.php:1863
Stack trace:
#0 [internal function]: CodeIgniter\Debug\Exceptions->errorHandler(2, 'fsockopen(): ph...', 'C:\\xampp\\htdocs...', 1863, Array)
#1 C:\xampp\htdocs\MX_Bull_International\system\Email\Email.php(1863): fsockopen('tls://mail.mxbu...', 465, 0, 'php_network_get...', 50)
#2 C:\xampp\htdocs\MX_Bull_International\system\Email\Email.php(1777): CodeIgniter\Email\Email->SMTPConnect()
#3 C:\xampp\htdocs\MX_Bull_International\system\Email\Email.php(1662): CodeIgniter\Email\Email->sendWithSmtp()
#4 C:\xampp\htdocs\MX_Bull_International\system\Email\Email.php(1560): CodeIgniter\Email\Email->spoolEmail()
#5 C:\xampp\htdocs\MX_Bull_International\app\Controllers\Home.php(233): CodeIgniter\Email\Email->send()
#6 C:\xampp\htdocs\MX_Bull_International\system\CodeIgniter.php(927): App\Controllers\Home->enquiry_message()
#7 C:\xampp\htdocs\MX_Bull_International\system\CodeIgniter.php(482): CodeIgniter\CodeIgniter->runController(Object(App\Controllers\Home))
#8 C:\xampp\htdocs\MX_Bull_International\system\CodeIgniter.php(351): CodeIgniter\CodeIgniter->handleRequest(NULL, Object(Config\Cache), false)
#9 C:\xampp\htdocs\MX_Bull_International\index.php(67): CodeIgniter\CodeIgniter->run()
#10 {main}
ERROR - 2023-02-17 01:25:47 --> Email: Unable to send email using SMTP. Your server might not be configured to send mail using this method.
ERROR - 2023-02-17 01:25:47 --> 
ERROR - 2023-02-17 01:31:35 --> Email: sendWithSmtp throwed ErrorException: fsockopen(): php_network_getaddresses: getaddrinfo failed: No such host is known.  in C:\xampp\htdocs\MX_Bull_International\system\Email\Email.php:1863
Stack trace:
#0 [internal function]: CodeIgniter\Debug\Exceptions->errorHandler(2, 'fsockopen(): ph...', 'C:\\xampp\\htdocs...', 1863, Array)
#1 C:\xampp\htdocs\MX_Bull_International\system\Email\Email.php(1863): fsockopen('tls://mail.mxbu...', 465, 0, 'php_network_get...', 50)
#2 C:\xampp\htdocs\MX_Bull_International\system\Email\Email.php(1777): CodeIgniter\Email\Email->SMTPConnect()
#3 C:\xampp\htdocs\MX_Bull_International\system\Email\Email.php(1662): CodeIgniter\Email\Email->sendWithSmtp()
#4 C:\xampp\htdocs\MX_Bull_International\system\Email\Email.php(1560): CodeIgniter\Email\Email->spoolEmail()
#5 C:\xampp\htdocs\MX_Bull_International\app\Controllers\Home.php(233): CodeIgniter\Email\Email->send()
#6 C:\xampp\htdocs\MX_Bull_International\system\CodeIgniter.php(927): App\Controllers\Home->enquiry_message()
#7 C:\xampp\htdocs\MX_Bull_International\system\CodeIgniter.php(482): CodeIgniter\CodeIgniter->runController(Object(App\Controllers\Home))
#8 C:\xampp\htdocs\MX_Bull_International\system\CodeIgniter.php(351): CodeIgniter\CodeIgniter->handleRequest(NULL, Object(Config\Cache), false)
#9 C:\xampp\htdocs\MX_Bull_International\index.php(67): CodeIgniter\CodeIgniter->run()
#10 {main}
ERROR - 2023-02-17 01:31:35 --> Email: Unable to send email using SMTP. Your server might not be configured to send mail using this method.
ERROR - 2023-02-17 01:31:35 --> 
ERROR - 2023-02-17 01:38:24 --> Email: sendWithSmtp throwed ErrorException: fsockopen(): php_network_getaddresses: getaddrinfo failed: No such host is known.  in C:\xampp\htdocs\MX_Bull_International\system\Email\Email.php:1863
Stack trace:
#0 [internal function]: CodeIgniter\Debug\Exceptions->errorHandler(2, 'fsockopen(): ph...', 'C:\\xampp\\htdocs...', 1863, Array)
#1 C:\xampp\htdocs\MX_Bull_International\system\Email\Email.php(1863): fsockopen('tls://mail.mxbu...', 465, 0, 'php_network_get...', 50)
#2 C:\xampp\htdocs\MX_Bull_International\system\Email\Email.php(1777): CodeIgniter\Email\Email->SMTPConnect()
#3 C:\xampp\htdocs\MX_Bull_International\system\Email\Email.php(1662): CodeIgniter\Email\Email->sendWithSmtp()
#4 C:\xampp\htdocs\MX_Bull_International\system\Email\Email.php(1560): CodeIgniter\Email\Email->spoolEmail()
#5 C:\xampp\htdocs\MX_Bull_International\app\Controllers\Home.php(233): CodeIgniter\Email\Email->send()
#6 C:\xampp\htdocs\MX_Bull_International\system\CodeIgniter.php(927): App\Controllers\Home->enquiry_message()
#7 C:\xampp\htdocs\MX_Bull_International\system\CodeIgniter.php(482): CodeIgniter\CodeIgniter->runController(Object(App\Controllers\Home))
#8 C:\xampp\htdocs\MX_Bull_International\system\CodeIgniter.php(351): CodeIgniter\CodeIgniter->handleRequest(NULL, Object(Config\Cache), false)
#9 C:\xampp\htdocs\MX_Bull_International\index.php(67): CodeIgniter\CodeIgniter->run()
#10 {main}
ERROR - 2023-02-17 01:38:24 --> Email: Unable to send email using SMTP. Your server might not be configured to send mail using this method.
ERROR - 2023-02-17 01:38:24 --> 
CRITICAL - 2023-02-17 01:40:46 --> syntax error, unexpected end of file, expecting function (T_FUNCTION) or const (T_CONST)
in APPPATH\Controllers\Home.php on line 248.
 1 SYSTEMPATH\Autoloader\Autoloader.php(259): CodeIgniter\Autoloader\Autoloader->includeFile('APPPATH\\Controllers\\Home.php')
 2 SYSTEMPATH\Autoloader\Autoloader.php(237): CodeIgniter\Autoloader\Autoloader->loadInNamespace('App\\Controllers\\Home')
 3 [internal function]: CodeIgniter\Autoloader\Autoloader->loadClass('App\\Controllers\\Home')
 4 [internal function]: spl_autoload_call('App\\Controllers\\Home')
 5 SYSTEMPATH\CodeIgniter.php(877): class_exists('\\App\\Controllers\\Home', true)
 6 SYSTEMPATH\CodeIgniter.php(469): CodeIgniter\CodeIgniter->startController()
 7 SYSTEMPATH\CodeIgniter.php(351): CodeIgniter\CodeIgniter->handleRequest(null, Object(Config\Cache), false)
 8 FCPATH\index.php(67): CodeIgniter\CodeIgniter->run()
CRITICAL - 2023-02-17 01:40:47 --> syntax error, unexpected end of file, expecting function (T_FUNCTION) or const (T_CONST)
in APPPATH\Controllers\Home.php on line 248.
 1 SYSTEMPATH\Autoloader\Autoloader.php(259): CodeIgniter\Autoloader\Autoloader->includeFile('APPPATH\\Controllers\\Home.php')
 2 SYSTEMPATH\Autoloader\Autoloader.php(237): CodeIgniter\Autoloader\Autoloader->loadInNamespace('App\\Controllers\\Home')
 3 [internal function]: CodeIgniter\Autoloader\Autoloader->loadClass('App\\Controllers\\Home')
 4 [internal function]: spl_autoload_call('App\\Controllers\\Home')
 5 SYSTEMPATH\CodeIgniter.php(877): class_exists('\\App\\Controllers\\Home', true)
 6 SYSTEMPATH\CodeIgniter.php(469): CodeIgniter\CodeIgniter->startController()
 7 SYSTEMPATH\CodeIgniter.php(351): CodeIgniter\CodeIgniter->handleRequest(null, Object(Config\Cache), false)
 8 FCPATH\index.php(67): CodeIgniter\CodeIgniter->run()
CRITICAL - 2023-02-17 01:41:58 --> Object of class CodeIgniter\Email\Email could not be converted to string
in APPPATH\Controllers\Home.php on line 169.
 1 SYSTEMPATH\CodeIgniter.php(927): App\Controllers\Home->enquiry_message()
 2 SYSTEMPATH\CodeIgniter.php(482): CodeIgniter\CodeIgniter->runController(Object(App\Controllers\Home))
 3 SYSTEMPATH\CodeIgniter.php(351): CodeIgniter\CodeIgniter->handleRequest(null, Object(Config\Cache), false)
 4 FCPATH\index.php(67): CodeIgniter\CodeIgniter->run()
ERROR - 2023-02-17 01:43:27 --> Email: sendWithSmtp throwed ErrorException: fsockopen(): php_network_getaddresses: getaddrinfo failed: No such host is known.  in C:\xampp\htdocs\MX_Bull_International\system\Email\Email.php:1863
Stack trace:
#0 [internal function]: CodeIgniter\Debug\Exceptions->errorHandler(2, 'fsockopen(): ph...', 'C:\\xampp\\htdocs...', 1863, Array)
#1 C:\xampp\htdocs\MX_Bull_International\system\Email\Email.php(1863): fsockopen('tls://mail.mxbu...', 465, 0, 'php_network_get...', 50)
#2 C:\xampp\htdocs\MX_Bull_International\system\Email\Email.php(1777): CodeIgniter\Email\Email->SMTPConnect()
#3 C:\xampp\htdocs\MX_Bull_International\system\Email\Email.php(1662): CodeIgniter\Email\Email->sendWithSmtp()
#4 C:\xampp\htdocs\MX_Bull_International\system\Email\Email.php(1560): CodeIgniter\Email\Email->spoolEmail()
#5 C:\xampp\htdocs\MX_Bull_International\app\Controllers\Home.php(233): CodeIgniter\Email\Email->send()
#6 C:\xampp\htdocs\MX_Bull_International\system\CodeIgniter.php(927): App\Controllers\Home->enquiry_message()
#7 C:\xampp\htdocs\MX_Bull_International\system\CodeIgniter.php(482): CodeIgniter\CodeIgniter->runController(Object(App\Controllers\Home))
#8 C:\xampp\htdocs\MX_Bull_International\system\CodeIgniter.php(351): CodeIgniter\CodeIgniter->handleRequest(NULL, Object(Config\Cache), false)
#9 C:\xampp\htdocs\MX_Bull_International\index.php(67): CodeIgniter\CodeIgniter->run()
#10 {main}
ERROR - 2023-02-17 01:43:27 --> Email: Unable to send email using SMTP. Your server might not be configured to send mail using this method.
ERROR - 2023-02-17 01:43:27 --> 
CRITICAL - 2023-02-17 01:46:21 --> Object of class CodeIgniter\Email\Email could not be converted to string
in APPPATH\Controllers\Home.php on line 243.
 1 SYSTEMPATH\CodeIgniter.php(927): App\Controllers\Home->enquiry_message()
 2 SYSTEMPATH\CodeIgniter.php(482): CodeIgniter\CodeIgniter->runController(Object(App\Controllers\Home))
 3 SYSTEMPATH\CodeIgniter.php(351): CodeIgniter\CodeIgniter->handleRequest(null, Object(Config\Cache), false)
 4 FCPATH\index.php(67): CodeIgniter\CodeIgniter->run()
CRITICAL - 2023-02-17 01:46:55 --> Function name must be a string
in APPPATH\Controllers\Home.php on line 243.
 1 SYSTEMPATH\CodeIgniter.php(927): App\Controllers\Home->enquiry_message()
 2 SYSTEMPATH\CodeIgniter.php(482): CodeIgniter\CodeIgniter->runController(Object(App\Controllers\Home))
 3 SYSTEMPATH\CodeIgniter.php(351): CodeIgniter\CodeIgniter->handleRequest(null, Object(Config\Cache), false)
 4 FCPATH\index.php(67): CodeIgniter\CodeIgniter->run()
ERROR - 2023-02-17 01:48:37 --> Email: sendWithSmtp throwed ErrorException: fsockopen(): php_network_getaddresses: getaddrinfo failed: No such host is known.  in C:\xampp\htdocs\MX_Bull_International\system\Email\Email.php:1863
Stack trace:
#0 [internal function]: CodeIgniter\Debug\Exceptions->errorHandler(2, 'fsockopen(): ph...', 'C:\\xampp\\htdocs...', 1863, Array)
#1 C:\xampp\htdocs\MX_Bull_International\system\Email\Email.php(1863): fsockopen('tls://mail.mxbu...', 465, 0, 'php_network_get...', 50)
#2 C:\xampp\htdocs\MX_Bull_International\system\Email\Email.php(1777): CodeIgniter\Email\Email->SMTPConnect()
#3 C:\xampp\htdocs\MX_Bull_International\system\Email\Email.php(1662): CodeIgniter\Email\Email->sendWithSmtp()
#4 C:\xampp\htdocs\MX_Bull_International\system\Email\Email.php(1560): CodeIgniter\Email\Email->spoolEmail()
#5 C:\xampp\htdocs\MX_Bull_International\app\Controllers\Home.php(233): CodeIgniter\Email\Email->send()
#6 C:\xampp\htdocs\MX_Bull_International\system\CodeIgniter.php(927): App\Controllers\Home->enquiry_message()
#7 C:\xampp\htdocs\MX_Bull_International\system\CodeIgniter.php(482): CodeIgniter\CodeIgniter->runController(Object(App\Controllers\Home))
#8 C:\xampp\htdocs\MX_Bull_International\system\CodeIgniter.php(351): CodeIgniter\CodeIgniter->handleRequest(NULL, Object(Config\Cache), false)
#9 C:\xampp\htdocs\MX_Bull_International\index.php(67): CodeIgniter\CodeIgniter->run()
#10 {main}
ERROR - 2023-02-17 01:48:37 --> Email: Unable to send email using SMTP. Your server might not be configured to send mail using this method.
ERROR - 2023-02-17 01:48:37 --> 
ERROR - 2023-02-17 01:55:47 --> Email: sendWithSmtp throwed ErrorException: fsockopen(): php_network_getaddresses: getaddrinfo failed: No such host is known.  in C:\xampp\htdocs\MX_Bull_International\system\Email\Email.php:1863
Stack trace:
#0 [internal function]: CodeIgniter\Debug\Exceptions->errorHandler(2, 'fsockopen(): ph...', 'C:\\xampp\\htdocs...', 1863, Array)
#1 C:\xampp\htdocs\MX_Bull_International\system\Email\Email.php(1863): fsockopen('tls://mail.mxbu...', 465, 0, 'php_network_get...', 50)
#2 C:\xampp\htdocs\MX_Bull_International\system\Email\Email.php(1777): CodeIgniter\Email\Email->SMTPConnect()
#3 C:\xampp\htdocs\MX_Bull_International\system\Email\Email.php(1662): CodeIgniter\Email\Email->sendWithSmtp()
#4 C:\xampp\htdocs\MX_Bull_International\system\Email\Email.php(1560): CodeIgniter\Email\Email->spoolEmail()
#5 C:\xampp\htdocs\MX_Bull_International\app\Controllers\Home.php(233): CodeIgniter\Email\Email->send()
#6 C:\xampp\htdocs\MX_Bull_International\system\CodeIgniter.php(927): App\Controllers\Home->enquiry_message()
#7 C:\xampp\htdocs\MX_Bull_International\system\CodeIgniter.php(482): CodeIgniter\CodeIgniter->runController(Object(App\Controllers\Home))
#8 C:\xampp\htdocs\MX_Bull_International\system\CodeIgniter.php(351): CodeIgniter\CodeIgniter->handleRequest(NULL, Object(Config\Cache), false)
#9 C:\xampp\htdocs\MX_Bull_International\index.php(67): CodeIgniter\CodeIgniter->run()
#10 {main}
ERROR - 2023-02-17 01:55:47 --> Email: Unable to send email using SMTP. Your server might not be configured to send mail using this method.
ERROR - 2023-02-17 01:55:47 --> 
ERROR - 2023-02-17 02:49:12 --> Email: sendWithSmtp throwed ErrorException: fsockopen(): php_network_getaddresses: getaddrinfo failed: No such host is known.  in C:\xampp\htdocs\MX_Bull_International\system\Email\Email.php:1863
Stack trace:
#0 [internal function]: CodeIgniter\Debug\Exceptions->errorHandler(2, 'fsockopen(): ph...', 'C:\\xampp\\htdocs...', 1863, Array)
#1 C:\xampp\htdocs\MX_Bull_International\system\Email\Email.php(1863): fsockopen('tls://mail.mxbu...', 465, 0, 'php_network_get...', 50)
#2 C:\xampp\htdocs\MX_Bull_International\system\Email\Email.php(1777): CodeIgniter\Email\Email->SMTPConnect()
#3 C:\xampp\htdocs\MX_Bull_International\system\Email\Email.php(1662): CodeIgniter\Email\Email->sendWithSmtp()
#4 C:\xampp\htdocs\MX_Bull_International\system\Email\Email.php(1560): CodeIgniter\Email\Email->spoolEmail()
#5 C:\xampp\htdocs\MX_Bull_International\app\Controllers\Home.php(233): CodeIgniter\Email\Email->send()
#6 C:\xampp\htdocs\MX_Bull_International\system\CodeIgniter.php(927): App\Controllers\Home->enquiry_message()
#7 C:\xampp\htdocs\MX_Bull_International\system\CodeIgniter.php(482): CodeIgniter\CodeIgniter->runController(Object(App\Controllers\Home))
#8 C:\xampp\htdocs\MX_Bull_International\system\CodeIgniter.php(351): CodeIgniter\CodeIgniter->handleRequest(NULL, Object(Config\Cache), false)
#9 C:\xampp\htdocs\MX_Bull_International\index.php(67): CodeIgniter\CodeIgniter->run()
#10 {main}
ERROR - 2023-02-17 02:49:12 --> Email: Unable to send email using SMTP. Your server might not be configured to send mail using this method.
ERROR - 2023-02-17 02:49:12 --> 
ERROR - 2023-02-17 02:53:17 --> Email: sendWithSmtp throwed ErrorException: fsockopen(): php_network_getaddresses: getaddrinfo failed: No such host is known.  in C:\xampp\htdocs\MX_Bull_International\system\Email\Email.php:1863
Stack trace:
#0 [internal function]: CodeIgniter\Debug\Exceptions->errorHandler(2, 'fsockopen(): ph...', 'C:\\xampp\\htdocs...', 1863, Array)
#1 C:\xampp\htdocs\MX_Bull_International\system\Email\Email.php(1863): fsockopen('tls://mail.mxbu...', 465, 0, 'php_network_get...', 50)
#2 C:\xampp\htdocs\MX_Bull_International\system\Email\Email.php(1777): CodeIgniter\Email\Email->SMTPConnect()
#3 C:\xampp\htdocs\MX_Bull_International\system\Email\Email.php(1662): CodeIgniter\Email\Email->sendWithSmtp()
#4 C:\xampp\htdocs\MX_Bull_International\system\Email\Email.php(1560): CodeIgniter\Email\Email->spoolEmail()
#5 C:\xampp\htdocs\MX_Bull_International\app\Controllers\Home.php(233): CodeIgniter\Email\Email->send()
#6 C:\xampp\htdocs\MX_Bull_International\system\CodeIgniter.php(927): App\Controllers\Home->enquiry_message()
#7 C:\xampp\htdocs\MX_Bull_International\system\CodeIgniter.php(482): CodeIgniter\CodeIgniter->runController(Object(App\Controllers\Home))
#8 C:\xampp\htdocs\MX_Bull_International\system\CodeIgniter.php(351): CodeIgniter\CodeIgniter->handleRequest(NULL, Object(Config\Cache), false)
#9 C:\xampp\htdocs\MX_Bull_International\index.php(67): CodeIgniter\CodeIgniter->run()
#10 {main}
ERROR - 2023-02-17 02:53:17 --> Email: Unable to send email using SMTP. Your server might not be configured to send mail using this method.
ERROR - 2023-02-17 02:53:17 --> 
ERROR - 2023-02-17 02:54:06 --> Email: sendWithSmtp throwed ErrorException: fsockopen(): php_network_getaddresses: getaddrinfo failed: No such host is known.  in C:\xampp\htdocs\MX_Bull_International\system\Email\Email.php:1863
Stack trace:
#0 [internal function]: CodeIgniter\Debug\Exceptions->errorHandler(2, 'fsockopen(): ph...', 'C:\\xampp\\htdocs...', 1863, Array)
#1 C:\xampp\htdocs\MX_Bull_International\system\Email\Email.php(1863): fsockopen('tls://mail.mxbu...', 465, 0, 'php_network_get...', 50)
#2 C:\xampp\htdocs\MX_Bull_International\system\Email\Email.php(1777): CodeIgniter\Email\Email->SMTPConnect()
#3 C:\xampp\htdocs\MX_Bull_International\system\Email\Email.php(1662): CodeIgniter\Email\Email->sendWithSmtp()
#4 C:\xampp\htdocs\MX_Bull_International\system\Email\Email.php(1560): CodeIgniter\Email\Email->spoolEmail()
#5 C:\xampp\htdocs\MX_Bull_International\app\Controllers\Home.php(233): CodeIgniter\Email\Email->send()
#6 C:\xampp\htdocs\MX_Bull_International\system\CodeIgniter.php(927): App\Controllers\Home->enquiry_message()
#7 C:\xampp\htdocs\MX_Bull_International\system\CodeIgniter.php(482): CodeIgniter\CodeIgniter->runController(Object(App\Controllers\Home))
#8 C:\xampp\htdocs\MX_Bull_International\system\CodeIgniter.php(351): CodeIgniter\CodeIgniter->handleRequest(NULL, Object(Config\Cache), false)
#9 C:\xampp\htdocs\MX_Bull_International\index.php(67): CodeIgniter\CodeIgniter->run()
#10 {main}
ERROR - 2023-02-17 02:54:06 --> Email: Unable to send email using SMTP. Your server might not be configured to send mail using this method.
ERROR - 2023-02-17 02:54:06 --> 
ERROR - 2023-02-17 02:57:15 --> Email: sendWithSmtp throwed ErrorException: fsockopen(): php_network_getaddresses: getaddrinfo failed: No such host is known.  in C:\xampp\htdocs\MX_Bull_International\system\Email\Email.php:1863
Stack trace:
#0 [internal function]: CodeIgniter\Debug\Exceptions->errorHandler(2, 'fsockopen(): ph...', 'C:\\xampp\\htdocs...', 1863, Array)
#1 C:\xampp\htdocs\MX_Bull_International\system\Email\Email.php(1863): fsockopen('tls://mail.mxbu...', 465, 0, 'php_network_get...', 50)
#2 C:\xampp\htdocs\MX_Bull_International\system\Email\Email.php(1777): CodeIgniter\Email\Email->SMTPConnect()
#3 C:\xampp\htdocs\MX_Bull_International\system\Email\Email.php(1662): CodeIgniter\Email\Email->sendWithSmtp()
#4 C:\xampp\htdocs\MX_Bull_International\system\Email\Email.php(1560): CodeIgniter\Email\Email->spoolEmail()
#5 C:\xampp\htdocs\MX_Bull_International\app\Controllers\Home.php(233): CodeIgniter\Email\Email->send()
#6 C:\xampp\htdocs\MX_Bull_International\system\CodeIgniter.php(927): App\Controllers\Home->enquiry_message()
#7 C:\xampp\htdocs\MX_Bull_International\system\CodeIgniter.php(482): CodeIgniter\CodeIgniter->runController(Object(App\Controllers\Home))
#8 C:\xampp\htdocs\MX_Bull_International\system\CodeIgniter.php(351): CodeIgniter\CodeIgniter->handleRequest(NULL, Object(Config\Cache), false)
#9 C:\xampp\htdocs\MX_Bull_International\index.php(67): CodeIgniter\CodeIgniter->run()
#10 {main}
ERROR - 2023-02-17 02:57:15 --> Email: Unable to send email using SMTP. Your server might not be configured to send mail using this method.
ERROR - 2023-02-17 02:57:15 --> 
ERROR - 2023-02-17 02:57:26 --> Email: sendWithSmtp throwed ErrorException: fsockopen(): php_network_getaddresses: getaddrinfo failed: No such host is known.  in C:\xampp\htdocs\MX_Bull_International\system\Email\Email.php:1863
Stack trace:
#0 [internal function]: CodeIgniter\Debug\Exceptions->errorHandler(2, 'fsockopen(): ph...', 'C:\\xampp\\htdocs...', 1863, Array)
#1 C:\xampp\htdocs\MX_Bull_International\system\Email\Email.php(1863): fsockopen('tls://mail.mxbu...', 465, 0, 'php_network_get...', 50)
#2 C:\xampp\htdocs\MX_Bull_International\system\Email\Email.php(1777): CodeIgniter\Email\Email->SMTPConnect()
#3 C:\xampp\htdocs\MX_Bull_International\system\Email\Email.php(1662): CodeIgniter\Email\Email->sendWithSmtp()
#4 C:\xampp\htdocs\MX_Bull_International\system\Email\Email.php(1560): CodeIgniter\Email\Email->spoolEmail()
#5 C:\xampp\htdocs\MX_Bull_International\app\Controllers\Home.php(234): CodeIgniter\Email\Email->send()
#6 C:\xampp\htdocs\MX_Bull_International\system\CodeIgniter.php(927): App\Controllers\Home->enquiry_message()
#7 C:\xampp\htdocs\MX_Bull_International\system\CodeIgniter.php(482): CodeIgniter\CodeIgniter->runController(Object(App\Controllers\Home))
#8 C:\xampp\htdocs\MX_Bull_International\system\CodeIgniter.php(351): CodeIgniter\CodeIgniter->handleRequest(NULL, Object(Config\Cache), false)
#9 C:\xampp\htdocs\MX_Bull_International\index.php(67): CodeIgniter\CodeIgniter->run()
#10 {main}
ERROR - 2023-02-17 02:57:26 --> Email: Unable to send email using SMTP. Your server might not be configured to send mail using this method.
ERROR - 2023-02-17 02:57:26 --> 
ERROR - 2023-02-17 03:58:05 --> Email: sendWithSmtp throwed ErrorException: fsockopen(): php_network_getaddresses: getaddrinfo failed: No such host is known.  in C:\xampp\htdocs\MX_Bull_International\system\Email\Email.php:1863
Stack trace:
#0 [internal function]: CodeIgniter\Debug\Exceptions->errorHandler(2, 'fsockopen(): ph...', 'C:\\xampp\\htdocs...', 1863, Array)
#1 C:\xampp\htdocs\MX_Bull_International\system\Email\Email.php(1863): fsockopen('tls://mail.mxbu...', 465, 0, 'php_network_get...', 50)
#2 C:\xampp\htdocs\MX_Bull_International\system\Email\Email.php(1777): CodeIgniter\Email\Email->SMTPConnect()
#3 C:\xampp\htdocs\MX_Bull_International\system\Email\Email.php(1662): CodeIgniter\Email\Email->sendWithSmtp()
#4 C:\xampp\htdocs\MX_Bull_International\system\Email\Email.php(1560): CodeIgniter\Email\Email->spoolEmail()
#5 C:\xampp\htdocs\MX_Bull_International\app\Controllers\Home.php(234): CodeIgniter\Email\Email->send()
#6 C:\xampp\htdocs\MX_Bull_International\system\CodeIgniter.php(927): App\Controllers\Home->enquiry_message()
#7 C:\xampp\htdocs\MX_Bull_International\system\CodeIgniter.php(482): CodeIgniter\CodeIgniter->runController(Object(App\Controllers\Home))
#8 C:\xampp\htdocs\MX_Bull_International\system\CodeIgniter.php(351): CodeIgniter\CodeIgniter->handleRequest(NULL, Object(Config\Cache), false)
#9 C:\xampp\htdocs\MX_Bull_International\index.php(67): CodeIgniter\CodeIgniter->run()
#10 {main}
ERROR - 2023-02-17 03:58:05 --> Email: Unable to send email using SMTP. Your server might not be configured to send mail using this method.
ERROR - 2023-02-17 03:58:05 --> 
ERROR - 2023-02-17 03:58:29 --> Email: sendWithSmtp throwed ErrorException: fsockopen(): php_network_getaddresses: getaddrinfo failed: No such host is known.  in C:\xampp\htdocs\MX_Bull_International\system\Email\Email.php:1863
Stack trace:
#0 [internal function]: CodeIgniter\Debug\Exceptions->errorHandler(2, 'fsockopen(): ph...', 'C:\\xampp\\htdocs...', 1863, Array)
#1 C:\xampp\htdocs\MX_Bull_International\system\Email\Email.php(1863): fsockopen('tls://mail.mxbu...', 465, 0, 'php_network_get...', 50)
#2 C:\xampp\htdocs\MX_Bull_International\system\Email\Email.php(1777): CodeIgniter\Email\Email->SMTPConnect()
#3 C:\xampp\htdocs\MX_Bull_International\system\Email\Email.php(1662): CodeIgniter\Email\Email->sendWithSmtp()
#4 C:\xampp\htdocs\MX_Bull_International\system\Email\Email.php(1560): CodeIgniter\Email\Email->spoolEmail()
#5 C:\xampp\htdocs\MX_Bull_International\app\Controllers\Home.php(234): CodeIgniter\Email\Email->send()
#6 C:\xampp\htdocs\MX_Bull_International\system\CodeIgniter.php(927): App\Controllers\Home->enquiry_message()
#7 C:\xampp\htdocs\MX_Bull_International\system\CodeIgniter.php(482): CodeIgniter\CodeIgniter->runController(Object(App\Controllers\Home))
#8 C:\xampp\htdocs\MX_Bull_International\system\CodeIgniter.php(351): CodeIgniter\CodeIgniter->handleRequest(NULL, Object(Config\Cache), false)
#9 C:\xampp\htdocs\MX_Bull_International\index.php(67): CodeIgniter\CodeIgniter->run()
#10 {main}
ERROR - 2023-02-17 03:58:29 --> Email: Unable to send email using SMTP. Your server might not be configured to send mail using this method.
ERROR - 2023-02-17 03:58:29 --> 
ERROR - 2023-02-17 04:00:28 --> Email: sendWithSmtp throwed ErrorException: fsockopen(): php_network_getaddresses: getaddrinfo failed: No such host is known.  in C:\xampp\htdocs\MX_Bull_International\system\Email\Email.php:1863
Stack trace:
#0 [internal function]: CodeIgniter\Debug\Exceptions->errorHandler(2, 'fsockopen(): ph...', 'C:\\xampp\\htdocs...', 1863, Array)
#1 C:\xampp\htdocs\MX_Bull_International\system\Email\Email.php(1863): fsockopen('tls://mail.mxbu...', 465, 0, 'php_network_get...', 50)
#2 C:\xampp\htdocs\MX_Bull_International\system\Email\Email.php(1777): CodeIgniter\Email\Email->SMTPConnect()
#3 C:\xampp\htdocs\MX_Bull_International\system\Email\Email.php(1662): CodeIgniter\Email\Email->sendWithSmtp()
#4 C:\xampp\htdocs\MX_Bull_International\system\Email\Email.php(1560): CodeIgniter\Email\Email->spoolEmail()
#5 C:\xampp\htdocs\MX_Bull_International\app\Controllers\Home.php(234): CodeIgniter\Email\Email->send()
#6 C:\xampp\htdocs\MX_Bull_International\system\CodeIgniter.php(927): App\Controllers\Home->enquiry_message()
#7 C:\xampp\htdocs\MX_Bull_International\system\CodeIgniter.php(482): CodeIgniter\CodeIgniter->runController(Object(App\Controllers\Home))
#8 C:\xampp\htdocs\MX_Bull_International\system\CodeIgniter.php(351): CodeIgniter\CodeIgniter->handleRequest(NULL, Object(Config\Cache), false)
#9 C:\xampp\htdocs\MX_Bull_International\index.php(67): CodeIgniter\CodeIgniter->run()
#10 {main}
ERROR - 2023-02-17 04:00:28 --> Email: Unable to send email using SMTP. Your server might not be configured to send mail using this method.
ERROR - 2023-02-17 04:00:28 --> 
ERROR - 2023-02-17 04:06:42 --> Email: sendWithSmtp throwed ErrorException: fsockopen(): php_network_getaddresses: getaddrinfo failed: No such host is known.  in C:\xampp\htdocs\MX_Bull_International\system\Email\Email.php:1863
Stack trace:
#0 [internal function]: CodeIgniter\Debug\Exceptions->errorHandler(2, 'fsockopen(): ph...', 'C:\\xampp\\htdocs...', 1863, Array)
#1 C:\xampp\htdocs\MX_Bull_International\system\Email\Email.php(1863): fsockopen('tls://mail.mxbu...', 465, 0, 'php_network_get...', 50)
#2 C:\xampp\htdocs\MX_Bull_International\system\Email\Email.php(1777): CodeIgniter\Email\Email->SMTPConnect()
#3 C:\xampp\htdocs\MX_Bull_International\system\Email\Email.php(1662): CodeIgniter\Email\Email->sendWithSmtp()
#4 C:\xampp\htdocs\MX_Bull_International\system\Email\Email.php(1560): CodeIgniter\Email\Email->spoolEmail()
#5 C:\xampp\htdocs\MX_Bull_International\app\Controllers\Home.php(234): CodeIgniter\Email\Email->send()
#6 C:\xampp\htdocs\MX_Bull_International\system\CodeIgniter.php(927): App\Controllers\Home->enquiry_message()
#7 C:\xampp\htdocs\MX_Bull_International\system\CodeIgniter.php(482): CodeIgniter\CodeIgniter->runController(Object(App\Controllers\Home))
#8 C:\xampp\htdocs\MX_Bull_International\system\CodeIgniter.php(351): CodeIgniter\CodeIgniter->handleRequest(NULL, Object(Config\Cache), false)
#9 C:\xampp\htdocs\MX_Bull_International\index.php(67): CodeIgniter\CodeIgniter->run()
#10 {main}
ERROR - 2023-02-17 04:06:42 --> Email: Unable to send email using SMTP. Your server might not be configured to send mail using this method.
ERROR - 2023-02-17 04:06:42 --> 
ERROR - 2023-02-17 04:07:17 --> Email: sendWithSmtp throwed ErrorException: fsockopen(): php_network_getaddresses: getaddrinfo failed: No such host is known.  in C:\xampp\htdocs\MX_Bull_International\system\Email\Email.php:1863
Stack trace:
#0 [internal function]: CodeIgniter\Debug\Exceptions->errorHandler(2, 'fsockopen(): ph...', 'C:\\xampp\\htdocs...', 1863, Array)
#1 C:\xampp\htdocs\MX_Bull_International\system\Email\Email.php(1863): fsockopen('tls://mail.mxbu...', 465, 0, 'php_network_get...', 50)
#2 C:\xampp\htdocs\MX_Bull_International\system\Email\Email.php(1777): CodeIgniter\Email\Email->SMTPConnect()
#3 C:\xampp\htdocs\MX_Bull_International\system\Email\Email.php(1662): CodeIgniter\Email\Email->sendWithSmtp()
#4 C:\xampp\htdocs\MX_Bull_International\system\Email\Email.php(1560): CodeIgniter\Email\Email->spoolEmail()
#5 C:\xampp\htdocs\MX_Bull_International\app\Controllers\Home.php(234): CodeIgniter\Email\Email->send()
#6 C:\xampp\htdocs\MX_Bull_International\system\CodeIgniter.php(927): App\Controllers\Home->enquiry_message()
#7 C:\xampp\htdocs\MX_Bull_International\system\CodeIgniter.php(482): CodeIgniter\CodeIgniter->runController(Object(App\Controllers\Home))
#8 C:\xampp\htdocs\MX_Bull_International\system\CodeIgniter.php(351): CodeIgniter\CodeIgniter->handleRequest(NULL, Object(Config\Cache), false)
#9 C:\xampp\htdocs\MX_Bull_International\index.php(67): CodeIgniter\CodeIgniter->run()
#10 {main}
ERROR - 2023-02-17 04:07:17 --> Email: Unable to send email using SMTP. Your server might not be configured to send mail using this method.
ERROR - 2023-02-17 04:07:17 --> 
ERROR - 2023-02-17 04:07:36 --> Email: sendWithSmtp throwed ErrorException: fsockopen(): php_network_getaddresses: getaddrinfo failed: No such host is known.  in C:\xampp\htdocs\MX_Bull_International\system\Email\Email.php:1863
Stack trace:
#0 [internal function]: CodeIgniter\Debug\Exceptions->errorHandler(2, 'fsockopen(): ph...', 'C:\\xampp\\htdocs...', 1863, Array)
#1 C:\xampp\htdocs\MX_Bull_International\system\Email\Email.php(1863): fsockopen('tls://mail.mxbu...', 465, 0, 'php_network_get...', 50)
#2 C:\xampp\htdocs\MX_Bull_International\system\Email\Email.php(1777): CodeIgniter\Email\Email->SMTPConnect()
#3 C:\xampp\htdocs\MX_Bull_International\system\Email\Email.php(1662): CodeIgniter\Email\Email->sendWithSmtp()
#4 C:\xampp\htdocs\MX_Bull_International\system\Email\Email.php(1560): CodeIgniter\Email\Email->spoolEmail()
#5 C:\xampp\htdocs\MX_Bull_International\app\Controllers\Home.php(234): CodeIgniter\Email\Email->send()
#6 C:\xampp\htdocs\MX_Bull_International\system\CodeIgniter.php(927): App\Controllers\Home->enquiry_message()
#7 C:\xampp\htdocs\MX_Bull_International\system\CodeIgniter.php(482): CodeIgniter\CodeIgniter->runController(Object(App\Controllers\Home))
#8 C:\xampp\htdocs\MX_Bull_International\system\CodeIgniter.php(351): CodeIgniter\CodeIgniter->handleRequest(NULL, Object(Config\Cache), false)
#9 C:\xampp\htdocs\MX_Bull_International\index.php(67): CodeIgniter\CodeIgniter->run()
#10 {main}
ERROR - 2023-02-17 04:07:36 --> Email: Unable to send email using SMTP. Your server might not be configured to send mail using this method.
ERROR - 2023-02-17 04:07:36 --> 
ERROR - 2023-02-17 04:08:22 --> Email: sendWithSmtp throwed ErrorException: fsockopen(): php_network_getaddresses: getaddrinfo failed: No such host is known.  in C:\xampp\htdocs\MX_Bull_International\system\Email\Email.php:1863
Stack trace:
#0 [internal function]: CodeIgniter\Debug\Exceptions->errorHandler(2, 'fsockopen(): ph...', 'C:\\xampp\\htdocs...', 1863, Array)
#1 C:\xampp\htdocs\MX_Bull_International\system\Email\Email.php(1863): fsockopen('tls://mail.mxbu...', 465, 0, 'php_network_get...', 50)
#2 C:\xampp\htdocs\MX_Bull_International\system\Email\Email.php(1777): CodeIgniter\Email\Email->SMTPConnect()
#3 C:\xampp\htdocs\MX_Bull_International\system\Email\Email.php(1662): CodeIgniter\Email\Email->sendWithSmtp()
#4 C:\xampp\htdocs\MX_Bull_International\system\Email\Email.php(1560): CodeIgniter\Email\Email->spoolEmail()
#5 C:\xampp\htdocs\MX_Bull_International\app\Controllers\Home.php(234): CodeIgniter\Email\Email->send()
#6 C:\xampp\htdocs\MX_Bull_International\system\CodeIgniter.php(927): App\Controllers\Home->enquiry_message()
#7 C:\xampp\htdocs\MX_Bull_International\system\CodeIgniter.php(482): CodeIgniter\CodeIgniter->runController(Object(App\Controllers\Home))
#8 C:\xampp\htdocs\MX_Bull_International\system\CodeIgniter.php(351): CodeIgniter\CodeIgniter->handleRequest(NULL, Object(Config\Cache), false)
#9 C:\xampp\htdocs\MX_Bull_International\index.php(67): CodeIgniter\CodeIgniter->run()
#10 {main}
ERROR - 2023-02-17 04:08:22 --> Email: Unable to send email using SMTP. Your server might not be configured to send mail using this method.
ERROR - 2023-02-17 04:08:22 --> 
ERROR - 2023-02-17 04:08:25 --> Email: sendWithSmtp throwed ErrorException: fsockopen(): php_network_getaddresses: getaddrinfo failed: No such host is known.  in C:\xampp\htdocs\MX_Bull_International\system\Email\Email.php:1863
Stack trace:
#0 [internal function]: CodeIgniter\Debug\Exceptions->errorHandler(2, 'fsockopen(): ph...', 'C:\\xampp\\htdocs...', 1863, Array)
#1 C:\xampp\htdocs\MX_Bull_International\system\Email\Email.php(1863): fsockopen('tls://mail.mxbu...', 465, 0, 'php_network_get...', 50)
#2 C:\xampp\htdocs\MX_Bull_International\system\Email\Email.php(1777): CodeIgniter\Email\Email->SMTPConnect()
#3 C:\xampp\htdocs\MX_Bull_International\system\Email\Email.php(1662): CodeIgniter\Email\Email->sendWithSmtp()
#4 C:\xampp\htdocs\MX_Bull_International\system\Email\Email.php(1560): CodeIgniter\Email\Email->spoolEmail()
#5 C:\xampp\htdocs\MX_Bull_International\app\Controllers\Home.php(234): CodeIgniter\Email\Email->send()
#6 C:\xampp\htdocs\MX_Bull_International\system\CodeIgniter.php(927): App\Controllers\Home->enquiry_message()
#7 C:\xampp\htdocs\MX_Bull_International\system\CodeIgniter.php(482): CodeIgniter\CodeIgniter->runController(Object(App\Controllers\Home))
#8 C:\xampp\htdocs\MX_Bull_International\system\CodeIgniter.php(351): CodeIgniter\CodeIgniter->handleRequest(NULL, Object(Config\Cache), false)
#9 C:\xampp\htdocs\MX_Bull_International\index.php(67): CodeIgniter\CodeIgniter->run()
#10 {main}
ERROR - 2023-02-17 04:08:25 --> Email: Unable to send email using SMTP. Your server might not be configured to send mail using this method.
ERROR - 2023-02-17 04:08:25 --> 
ERROR - 2023-02-17 04:10:31 --> Email: sendWithSmtp throwed ErrorException: fsockopen(): php_network_getaddresses: getaddrinfo failed: No such host is known.  in C:\xampp\htdocs\MX_Bull_International\system\Email\Email.php:1863
Stack trace:
#0 [internal function]: CodeIgniter\Debug\Exceptions->errorHandler(2, 'fsockopen(): ph...', 'C:\\xampp\\htdocs...', 1863, Array)
#1 C:\xampp\htdocs\MX_Bull_International\system\Email\Email.php(1863): fsockopen('tls://mail.mxbu...', 465, 0, 'php_network_get...', 50)
#2 C:\xampp\htdocs\MX_Bull_International\system\Email\Email.php(1777): CodeIgniter\Email\Email->SMTPConnect()
#3 C:\xampp\htdocs\MX_Bull_International\system\Email\Email.php(1662): CodeIgniter\Email\Email->sendWithSmtp()
#4 C:\xampp\htdocs\MX_Bull_International\system\Email\Email.php(1560): CodeIgniter\Email\Email->spoolEmail()
#5 C:\xampp\htdocs\MX_Bull_International\app\Controllers\Home.php(234): CodeIgniter\Email\Email->send()
#6 C:\xampp\htdocs\MX_Bull_International\system\CodeIgniter.php(927): App\Controllers\Home->enquiry_message()
#7 C:\xampp\htdocs\MX_Bull_International\system\CodeIgniter.php(482): CodeIgniter\CodeIgniter->runController(Object(App\Controllers\Home))
#8 C:\xampp\htdocs\MX_Bull_International\system\CodeIgniter.php(351): CodeIgniter\CodeIgniter->handleRequest(NULL, Object(Config\Cache), false)
#9 C:\xampp\htdocs\MX_Bull_International\index.php(67): CodeIgniter\CodeIgniter->run()
#10 {main}
ERROR - 2023-02-17 04:10:31 --> Email: Unable to send email using SMTP. Your server might not be configured to send mail using this method.
ERROR - 2023-02-17 04:10:31 --> 
ERROR - 2023-02-17 04:10:37 --> Email: sendWithSmtp throwed ErrorException: fsockopen(): php_network_getaddresses: getaddrinfo failed: No such host is known.  in C:\xampp\htdocs\MX_Bull_International\system\Email\Email.php:1863
Stack trace:
#0 [internal function]: CodeIgniter\Debug\Exceptions->errorHandler(2, 'fsockopen(): ph...', 'C:\\xampp\\htdocs...', 1863, Array)
#1 C:\xampp\htdocs\MX_Bull_International\system\Email\Email.php(1863): fsockopen('tls://mail.mxbu...', 465, 0, 'php_network_get...', 50)
#2 C:\xampp\htdocs\MX_Bull_International\system\Email\Email.php(1777): CodeIgniter\Email\Email->SMTPConnect()
#3 C:\xampp\htdocs\MX_Bull_International\system\Email\Email.php(1662): CodeIgniter\Email\Email->sendWithSmtp()
#4 C:\xampp\htdocs\MX_Bull_International\system\Email\Email.php(1560): CodeIgniter\Email\Email->spoolEmail()
#5 C:\xampp\htdocs\MX_Bull_International\app\Controllers\Home.php(234): CodeIgniter\Email\Email->send()
#6 C:\xampp\htdocs\MX_Bull_International\system\CodeIgniter.php(927): App\Controllers\Home->enquiry_message()
#7 C:\xampp\htdocs\MX_Bull_International\system\CodeIgniter.php(482): CodeIgniter\CodeIgniter->runController(Object(App\Controllers\Home))
#8 C:\xampp\htdocs\MX_Bull_International\system\CodeIgniter.php(351): CodeIgniter\CodeIgniter->handleRequest(NULL, Object(Config\Cache), false)
#9 C:\xampp\htdocs\MX_Bull_International\index.php(67): CodeIgniter\CodeIgniter->run()
#10 {main}
ERROR - 2023-02-17 04:10:37 --> Email: Unable to send email using SMTP. Your server might not be configured to send mail using this method.
ERROR - 2023-02-17 04:10:37 --> 
ERROR - 2023-02-17 04:11:24 --> Email: sendWithSmtp throwed ErrorException: fsockopen(): php_network_getaddresses: getaddrinfo failed: No such host is known.  in C:\xampp\htdocs\MX_Bull_International\system\Email\Email.php:1863
Stack trace:
#0 [internal function]: CodeIgniter\Debug\Exceptions->errorHandler(2, 'fsockopen(): ph...', 'C:\\xampp\\htdocs...', 1863, Array)
#1 C:\xampp\htdocs\MX_Bull_International\system\Email\Email.php(1863): fsockopen('tls://mail.mxbu...', 465, 0, 'php_network_get...', 50)
#2 C:\xampp\htdocs\MX_Bull_International\system\Email\Email.php(1777): CodeIgniter\Email\Email->SMTPConnect()
#3 C:\xampp\htdocs\MX_Bull_International\system\Email\Email.php(1662): CodeIgniter\Email\Email->sendWithSmtp()
#4 C:\xampp\htdocs\MX_Bull_International\system\Email\Email.php(1560): CodeIgniter\Email\Email->spoolEmail()
#5 C:\xampp\htdocs\MX_Bull_International\app\Controllers\Home.php(235): CodeIgniter\Email\Email->send()
#6 C:\xampp\htdocs\MX_Bull_International\system\CodeIgniter.php(927): App\Controllers\Home->enquiry_message()
#7 C:\xampp\htdocs\MX_Bull_International\system\CodeIgniter.php(482): CodeIgniter\CodeIgniter->runController(Object(App\Controllers\Home))
#8 C:\xampp\htdocs\MX_Bull_International\system\CodeIgniter.php(351): CodeIgniter\CodeIgniter->handleRequest(NULL, Object(Config\Cache), false)
#9 C:\xampp\htdocs\MX_Bull_International\index.php(67): CodeIgniter\CodeIgniter->run()
#10 {main}
ERROR - 2023-02-17 04:11:24 --> Email: Unable to send email using SMTP. Your server might not be configured to send mail using this method.
ERROR - 2023-02-17 04:11:24 --> 
ERROR - 2023-02-17 04:11:39 --> Email: sendWithSmtp throwed ErrorException: fsockopen(): php_network_getaddresses: getaddrinfo failed: No such host is known.  in C:\xampp\htdocs\MX_Bull_International\system\Email\Email.php:1863
Stack trace:
#0 [internal function]: CodeIgniter\Debug\Exceptions->errorHandler(2, 'fsockopen(): ph...', 'C:\\xampp\\htdocs...', 1863, Array)
#1 C:\xampp\htdocs\MX_Bull_International\system\Email\Email.php(1863): fsockopen('tls://mail.mxbu...', 465, 0, 'php_network_get...', 50)
#2 C:\xampp\htdocs\MX_Bull_International\system\Email\Email.php(1777): CodeIgniter\Email\Email->SMTPConnect()
#3 C:\xampp\htdocs\MX_Bull_International\system\Email\Email.php(1662): CodeIgniter\Email\Email->sendWithSmtp()
#4 C:\xampp\htdocs\MX_Bull_International\system\Email\Email.php(1560): CodeIgniter\Email\Email->spoolEmail()
#5 C:\xampp\htdocs\MX_Bull_International\app\Controllers\Home.php(235): CodeIgniter\Email\Email->send()
#6 C:\xampp\htdocs\MX_Bull_International\system\CodeIgniter.php(927): App\Controllers\Home->enquiry_message()
#7 C:\xampp\htdocs\MX_Bull_International\system\CodeIgniter.php(482): CodeIgniter\CodeIgniter->runController(Object(App\Controllers\Home))
#8 C:\xampp\htdocs\MX_Bull_International\system\CodeIgniter.php(351): CodeIgniter\CodeIgniter->handleRequest(NULL, Object(Config\Cache), false)
#9 C:\xampp\htdocs\MX_Bull_International\index.php(67): CodeIgniter\CodeIgniter->run()
#10 {main}
ERROR - 2023-02-17 04:11:39 --> Email: Unable to send email using SMTP. Your server might not be configured to send mail using this method.
ERROR - 2023-02-17 04:11:39 --> 
ERROR - 2023-02-17 04:11:54 --> Email: sendWithSmtp throwed ErrorException: fsockopen(): php_network_getaddresses: getaddrinfo failed: No such host is known.  in C:\xampp\htdocs\MX_Bull_International\system\Email\Email.php:1863
Stack trace:
#0 [internal function]: CodeIgniter\Debug\Exceptions->errorHandler(2, 'fsockopen(): ph...', 'C:\\xampp\\htdocs...', 1863, Array)
#1 C:\xampp\htdocs\MX_Bull_International\system\Email\Email.php(1863): fsockopen('tls://mail.mxbu...', 465, 0, 'php_network_get...', 50)
#2 C:\xampp\htdocs\MX_Bull_International\system\Email\Email.php(1777): CodeIgniter\Email\Email->SMTPConnect()
#3 C:\xampp\htdocs\MX_Bull_International\system\Email\Email.php(1662): CodeIgniter\Email\Email->sendWithSmtp()
#4 C:\xampp\htdocs\MX_Bull_International\system\Email\Email.php(1560): CodeIgniter\Email\Email->spoolEmail()
#5 C:\xampp\htdocs\MX_Bull_International\app\Controllers\Home.php(234): CodeIgniter\Email\Email->send()
#6 C:\xampp\htdocs\MX_Bull_International\system\CodeIgniter.php(927): App\Controllers\Home->enquiry_message()
#7 C:\xampp\htdocs\MX_Bull_International\system\CodeIgniter.php(482): CodeIgniter\CodeIgniter->runController(Object(App\Controllers\Home))
#8 C:\xampp\htdocs\MX_Bull_International\system\CodeIgniter.php(351): CodeIgniter\CodeIgniter->handleRequest(NULL, Object(Config\Cache), false)
#9 C:\xampp\htdocs\MX_Bull_International\index.php(67): CodeIgniter\CodeIgniter->run()
#10 {main}
ERROR - 2023-02-17 04:11:54 --> Email: Unable to send email using SMTP. Your server might not be configured to send mail using this method.
ERROR - 2023-02-17 04:11:54 --> 
ERROR - 2023-02-17 04:13:30 --> Email: sendWithSmtp throwed ErrorException: fsockopen(): php_network_getaddresses: getaddrinfo failed: No such host is known.  in C:\xampp\htdocs\MX_Bull_International\system\Email\Email.php:1863
Stack trace:
#0 [internal function]: CodeIgniter\Debug\Exceptions->errorHandler(2, 'fsockopen(): ph...', 'C:\\xampp\\htdocs...', 1863, Array)
#1 C:\xampp\htdocs\MX_Bull_International\system\Email\Email.php(1863): fsockopen('tls://mail.mxbu...', 465, 0, 'php_network_get...', 50)
#2 C:\xampp\htdocs\MX_Bull_International\system\Email\Email.php(1777): CodeIgniter\Email\Email->SMTPConnect()
#3 C:\xampp\htdocs\MX_Bull_International\system\Email\Email.php(1662): CodeIgniter\Email\Email->sendWithSmtp()
#4 C:\xampp\htdocs\MX_Bull_International\system\Email\Email.php(1560): CodeIgniter\Email\Email->spoolEmail()
#5 C:\xampp\htdocs\MX_Bull_International\app\Controllers\Home.php(234): CodeIgniter\Email\Email->send()
#6 C:\xampp\htdocs\MX_Bull_International\system\CodeIgniter.php(927): App\Controllers\Home->enquiry_message()
#7 C:\xampp\htdocs\MX_Bull_International\system\CodeIgniter.php(482): CodeIgniter\CodeIgniter->runController(Object(App\Controllers\Home))
#8 C:\xampp\htdocs\MX_Bull_International\system\CodeIgniter.php(351): CodeIgniter\CodeIgniter->handleRequest(NULL, Object(Config\Cache), false)
#9 C:\xampp\htdocs\MX_Bull_International\index.php(67): CodeIgniter\CodeIgniter->run()
#10 {main}
ERROR - 2023-02-17 04:13:30 --> Email: Unable to send email using SMTP. Your server might not be configured to send mail using this method.
ERROR - 2023-02-17 04:13:30 --> 
ERROR - 2023-02-17 04:15:17 --> Email: sendWithSmtp throwed ErrorException: fsockopen(): php_network_getaddresses: getaddrinfo failed: No such host is known.  in C:\xampp\htdocs\MX_Bull_International\system\Email\Email.php:1863
Stack trace:
#0 [internal function]: CodeIgniter\Debug\Exceptions->errorHandler(2, 'fsockopen(): ph...', 'C:\\xampp\\htdocs...', 1863, Array)
#1 C:\xampp\htdocs\MX_Bull_International\system\Email\Email.php(1863): fsockopen('tls://mail.mxbu...', 465, 0, 'php_network_get...', 50)
#2 C:\xampp\htdocs\MX_Bull_International\system\Email\Email.php(1777): CodeIgniter\Email\Email->SMTPConnect()
#3 C:\xampp\htdocs\MX_Bull_International\system\Email\Email.php(1662): CodeIgniter\Email\Email->sendWithSmtp()
#4 C:\xampp\htdocs\MX_Bull_International\system\Email\Email.php(1560): CodeIgniter\Email\Email->spoolEmail()
#5 C:\xampp\htdocs\MX_Bull_International\app\Controllers\Home.php(235): CodeIgniter\Email\Email->send()
#6 C:\xampp\htdocs\MX_Bull_International\system\CodeIgniter.php(927): App\Controllers\Home->enquiry_message()
#7 C:\xampp\htdocs\MX_Bull_International\system\CodeIgniter.php(482): CodeIgniter\CodeIgniter->runController(Object(App\Controllers\Home))
#8 C:\xampp\htdocs\MX_Bull_International\system\CodeIgniter.php(351): CodeIgniter\CodeIgniter->handleRequest(NULL, Object(Config\Cache), false)
#9 C:\xampp\htdocs\MX_Bull_International\index.php(67): CodeIgniter\CodeIgniter->run()
#10 {main}
ERROR - 2023-02-17 04:15:17 --> Email: Unable to send email using SMTP. Your server might not be configured to send mail using this method.
ERROR - 2023-02-17 04:15:17 --> 
ERROR - 2023-02-17 04:15:34 --> Email: sendWithSmtp throwed ErrorException: fsockopen(): php_network_getaddresses: getaddrinfo failed: No such host is known.  in C:\xampp\htdocs\MX_Bull_International\system\Email\Email.php:1863
Stack trace:
#0 [internal function]: CodeIgniter\Debug\Exceptions->errorHandler(2, 'fsockopen(): ph...', 'C:\\xampp\\htdocs...', 1863, Array)
#1 C:\xampp\htdocs\MX_Bull_International\system\Email\Email.php(1863): fsockopen('tls://mail.mxbu...', 465, 0, 'php_network_get...', 50)
#2 C:\xampp\htdocs\MX_Bull_International\system\Email\Email.php(1777): CodeIgniter\Email\Email->SMTPConnect()
#3 C:\xampp\htdocs\MX_Bull_International\system\Email\Email.php(1662): CodeIgniter\Email\Email->sendWithSmtp()
#4 C:\xampp\htdocs\MX_Bull_International\system\Email\Email.php(1560): CodeIgniter\Email\Email->spoolEmail()
#5 C:\xampp\htdocs\MX_Bull_International\app\Controllers\Home.php(221): CodeIgniter\Email\Email->send()
#6 C:\xampp\htdocs\MX_Bull_International\system\CodeIgniter.php(927): App\Controllers\Home->enquiry_message()
#7 C:\xampp\htdocs\MX_Bull_International\system\CodeIgniter.php(482): CodeIgniter\CodeIgniter->runController(Object(App\Controllers\Home))
#8 C:\xampp\htdocs\MX_Bull_International\system\CodeIgniter.php(351): CodeIgniter\CodeIgniter->handleRequest(NULL, Object(Config\Cache), false)
#9 C:\xampp\htdocs\MX_Bull_International\index.php(67): CodeIgniter\CodeIgniter->run()
#10 {main}
ERROR - 2023-02-17 04:15:34 --> Email: Unable to send email using SMTP. Your server might not be configured to send mail using this method.
ERROR - 2023-02-17 04:15:34 --> 
ERROR - 2023-02-17 04:17:18 --> Email: sendWithSmtp throwed ErrorException: fsockopen(): php_network_getaddresses: getaddrinfo failed: No such host is known.  in C:\xampp\htdocs\MX_Bull_International\system\Email\Email.php:1863
Stack trace:
#0 [internal function]: CodeIgniter\Debug\Exceptions->errorHandler(2, 'fsockopen(): ph...', 'C:\\xampp\\htdocs...', 1863, Array)
#1 C:\xampp\htdocs\MX_Bull_International\system\Email\Email.php(1863): fsockopen('tls://mail.mxbu...', 465, 0, 'php_network_get...', 50)
#2 C:\xampp\htdocs\MX_Bull_International\system\Email\Email.php(1777): CodeIgniter\Email\Email->SMTPConnect()
#3 C:\xampp\htdocs\MX_Bull_International\system\Email\Email.php(1662): CodeIgniter\Email\Email->sendWithSmtp()
#4 C:\xampp\htdocs\MX_Bull_International\system\Email\Email.php(1560): CodeIgniter\Email\Email->spoolEmail()
#5 C:\xampp\htdocs\MX_Bull_International\app\Controllers\Home.php(221): CodeIgniter\Email\Email->send()
#6 C:\xampp\htdocs\MX_Bull_International\system\CodeIgniter.php(927): App\Controllers\Home->enquiry_message()
#7 C:\xampp\htdocs\MX_Bull_International\system\CodeIgniter.php(482): CodeIgniter\CodeIgniter->runController(Object(App\Controllers\Home))
#8 C:\xampp\htdocs\MX_Bull_International\system\CodeIgniter.php(351): CodeIgniter\CodeIgniter->handleRequest(NULL, Object(Config\Cache), false)
#9 C:\xampp\htdocs\MX_Bull_International\index.php(67): CodeIgniter\CodeIgniter->run()
#10 {main}
ERROR - 2023-02-17 04:17:18 --> Email: Unable to send email using SMTP. Your server might not be configured to send mail using this method.
ERROR - 2023-02-17 04:17:18 --> 
ERROR - 2023-02-17 04:20:29 --> Email: sendWithSmtp throwed ErrorException: fsockopen(): php_network_getaddresses: getaddrinfo failed: No such host is known.  in C:\xampp\htdocs\MX_Bull_International\system\Email\Email.php:1863
Stack trace:
#0 [internal function]: CodeIgniter\Debug\Exceptions->errorHandler(2, 'fsockopen(): ph...', 'C:\\xampp\\htdocs...', 1863, Array)
#1 C:\xampp\htdocs\MX_Bull_International\system\Email\Email.php(1863): fsockopen('tls://mail.mxbu...', 465, 0, 'php_network_get...', 50)
#2 C:\xampp\htdocs\MX_Bull_International\system\Email\Email.php(1777): CodeIgniter\Email\Email->SMTPConnect()
#3 C:\xampp\htdocs\MX_Bull_International\system\Email\Email.php(1662): CodeIgniter\Email\Email->sendWithSmtp()
#4 C:\xampp\htdocs\MX_Bull_International\system\Email\Email.php(1560): CodeIgniter\Email\Email->spoolEmail()
#5 C:\xampp\htdocs\MX_Bull_International\app\Controllers\Home.php(221): CodeIgniter\Email\Email->send()
#6 C:\xampp\htdocs\MX_Bull_International\system\CodeIgniter.php(927): App\Controllers\Home->enquiry_message()
#7 C:\xampp\htdocs\MX_Bull_International\system\CodeIgniter.php(482): CodeIgniter\CodeIgniter->runController(Object(App\Controllers\Home))
#8 C:\xampp\htdocs\MX_Bull_International\system\CodeIgniter.php(351): CodeIgniter\CodeIgniter->handleRequest(NULL, Object(Config\Cache), false)
#9 C:\xampp\htdocs\MX_Bull_International\index.php(67): CodeIgniter\CodeIgniter->run()
#10 {main}
ERROR - 2023-02-17 04:20:29 --> Email: Unable to send email using SMTP. Your server might not be configured to send mail using this method.
ERROR - 2023-02-17 04:20:29 --> 
ERROR - 2023-02-17 04:20:30 --> Email: sendWithSmtp throwed ErrorException: fsockopen(): php_network_getaddresses: getaddrinfo failed: No such host is known.  in C:\xampp\htdocs\MX_Bull_International\system\Email\Email.php:1863
Stack trace:
#0 [internal function]: CodeIgniter\Debug\Exceptions->errorHandler(2, 'fsockopen(): ph...', 'C:\\xampp\\htdocs...', 1863, Array)
#1 C:\xampp\htdocs\MX_Bull_International\system\Email\Email.php(1863): fsockopen('tls://mail.mxbu...', 465, 0, 'php_network_get...', 50)
#2 C:\xampp\htdocs\MX_Bull_International\system\Email\Email.php(1777): CodeIgniter\Email\Email->SMTPConnect()
#3 C:\xampp\htdocs\MX_Bull_International\system\Email\Email.php(1662): CodeIgniter\Email\Email->sendWithSmtp()
#4 C:\xampp\htdocs\MX_Bull_International\system\Email\Email.php(1560): CodeIgniter\Email\Email->spoolEmail()
#5 C:\xampp\htdocs\MX_Bull_International\app\Controllers\Home.php(221): CodeIgniter\Email\Email->send()
#6 C:\xampp\htdocs\MX_Bull_International\system\CodeIgniter.php(927): App\Controllers\Home->enquiry_message()
#7 C:\xampp\htdocs\MX_Bull_International\system\CodeIgniter.php(482): CodeIgniter\CodeIgniter->runController(Object(App\Controllers\Home))
#8 C:\xampp\htdocs\MX_Bull_International\system\CodeIgniter.php(351): CodeIgniter\CodeIgniter->handleRequest(NULL, Object(Config\Cache), false)
#9 C:\xampp\htdocs\MX_Bull_International\index.php(67): CodeIgniter\CodeIgniter->run()
#10 {main}
ERROR - 2023-02-17 04:20:30 --> Email: Unable to send email using SMTP. Your server might not be configured to send mail using this method.
ERROR - 2023-02-17 04:20:30 --> 
ERROR - 2023-02-17 04:24:00 --> Email: sendWithSmtp throwed ErrorException: fsockopen(): php_network_getaddresses: getaddrinfo failed: No such host is known.  in C:\xampp\htdocs\MX_Bull_International\system\Email\Email.php:1863
Stack trace:
#0 [internal function]: CodeIgniter\Debug\Exceptions->errorHandler(2, 'fsockopen(): ph...', 'C:\\xampp\\htdocs...', 1863, Array)
#1 C:\xampp\htdocs\MX_Bull_International\system\Email\Email.php(1863): fsockopen('tls://mail.mxbu...', 465, 0, 'php_network_get...', 50)
#2 C:\xampp\htdocs\MX_Bull_International\system\Email\Email.php(1777): CodeIgniter\Email\Email->SMTPConnect()
#3 C:\xampp\htdocs\MX_Bull_International\system\Email\Email.php(1662): CodeIgniter\Email\Email->sendWithSmtp()
#4 C:\xampp\htdocs\MX_Bull_International\system\Email\Email.php(1560): CodeIgniter\Email\Email->spoolEmail()
#5 C:\xampp\htdocs\MX_Bull_International\app\Controllers\Home.php(221): CodeIgniter\Email\Email->send()
#6 C:\xampp\htdocs\MX_Bull_International\system\CodeIgniter.php(927): App\Controllers\Home->enquiry_message()
#7 C:\xampp\htdocs\MX_Bull_International\system\CodeIgniter.php(482): CodeIgniter\CodeIgniter->runController(Object(App\Controllers\Home))
#8 C:\xampp\htdocs\MX_Bull_International\system\CodeIgniter.php(351): CodeIgniter\CodeIgniter->handleRequest(NULL, Object(Config\Cache), false)
#9 C:\xampp\htdocs\MX_Bull_International\index.php(67): CodeIgniter\CodeIgniter->run()
#10 {main}
ERROR - 2023-02-17 04:24:00 --> Email: Unable to send email using SMTP. Your server might not be configured to send mail using this method.
ERROR - 2023-02-17 04:24:00 --> 
ERROR - 2023-02-17 04:26:29 --> Email: sendWithSmtp throwed ErrorException: fsockopen(): php_network_getaddresses: getaddrinfo failed: No such host is known.  in C:\xampp\htdocs\MX_Bull_International\system\Email\Email.php:1863
Stack trace:
#0 [internal function]: CodeIgniter\Debug\Exceptions->errorHandler(2, 'fsockopen(): ph...', 'C:\\xampp\\htdocs...', 1863, Array)
#1 C:\xampp\htdocs\MX_Bull_International\system\Email\Email.php(1863): fsockopen('tls://mail.mxbu...', 465, 0, 'php_network_get...', 50)
#2 C:\xampp\htdocs\MX_Bull_International\system\Email\Email.php(1777): CodeIgniter\Email\Email->SMTPConnect()
#3 C:\xampp\htdocs\MX_Bull_International\system\Email\Email.php(1662): CodeIgniter\Email\Email->sendWithSmtp()
#4 C:\xampp\htdocs\MX_Bull_International\system\Email\Email.php(1560): CodeIgniter\Email\Email->spoolEmail()
#5 C:\xampp\htdocs\MX_Bull_International\app\Controllers\Home.php(221): CodeIgniter\Email\Email->send()
#6 C:\xampp\htdocs\MX_Bull_International\system\CodeIgniter.php(927): App\Controllers\Home->enquiry_message()
#7 C:\xampp\htdocs\MX_Bull_International\system\CodeIgniter.php(482): CodeIgniter\CodeIgniter->runController(Object(App\Controllers\Home))
#8 C:\xampp\htdocs\MX_Bull_International\system\CodeIgniter.php(351): CodeIgniter\CodeIgniter->handleRequest(NULL, Object(Config\Cache), false)
#9 C:\xampp\htdocs\MX_Bull_International\index.php(67): CodeIgniter\CodeIgniter->run()
#10 {main}
ERROR - 2023-02-17 04:26:29 --> Email: Unable to send email using SMTP. Your server might not be configured to send mail using this method.
ERROR - 2023-02-17 04:26:29 --> 
ERROR - 2023-02-17 04:29:08 --> Email: sendWithSmtp throwed ErrorException: fsockopen(): php_network_getaddresses: getaddrinfo failed: No such host is known.  in C:\xampp\htdocs\MX_Bull_International\system\Email\Email.php:1863
Stack trace:
#0 [internal function]: CodeIgniter\Debug\Exceptions->errorHandler(2, 'fsockopen(): ph...', 'C:\\xampp\\htdocs...', 1863, Array)
#1 C:\xampp\htdocs\MX_Bull_International\system\Email\Email.php(1863): fsockopen('tls://mail.mxbu...', 465, 0, 'php_network_get...', 50)
#2 C:\xampp\htdocs\MX_Bull_International\system\Email\Email.php(1777): CodeIgniter\Email\Email->SMTPConnect()
#3 C:\xampp\htdocs\MX_Bull_International\system\Email\Email.php(1662): CodeIgniter\Email\Email->sendWithSmtp()
#4 C:\xampp\htdocs\MX_Bull_International\system\Email\Email.php(1560): CodeIgniter\Email\Email->spoolEmail()
#5 C:\xampp\htdocs\MX_Bull_International\app\Controllers\Home.php(221): CodeIgniter\Email\Email->send()
#6 C:\xampp\htdocs\MX_Bull_International\system\CodeIgniter.php(927): App\Controllers\Home->enquiry_message()
#7 C:\xampp\htdocs\MX_Bull_International\system\CodeIgniter.php(482): CodeIgniter\CodeIgniter->runController(Object(App\Controllers\Home))
#8 C:\xampp\htdocs\MX_Bull_International\system\CodeIgniter.php(351): CodeIgniter\CodeIgniter->handleRequest(NULL, Object(Config\Cache), false)
#9 C:\xampp\htdocs\MX_Bull_International\index.php(67): CodeIgniter\CodeIgniter->run()
#10 {main}
ERROR - 2023-02-17 04:29:08 --> Email: Unable to send email using SMTP. Your server might not be configured to send mail using this method.
ERROR - 2023-02-17 04:29:08 --> 
ERROR - 2023-02-17 04:29:11 --> Email: sendWithSmtp throwed ErrorException: fsockopen(): php_network_getaddresses: getaddrinfo failed: No such host is known.  in C:\xampp\htdocs\MX_Bull_International\system\Email\Email.php:1863
Stack trace:
#0 [internal function]: CodeIgniter\Debug\Exceptions->errorHandler(2, 'fsockopen(): ph...', 'C:\\xampp\\htdocs...', 1863, Array)
#1 C:\xampp\htdocs\MX_Bull_International\system\Email\Email.php(1863): fsockopen('tls://mail.mxbu...', 465, 0, 'php_network_get...', 50)
#2 C:\xampp\htdocs\MX_Bull_International\system\Email\Email.php(1777): CodeIgniter\Email\Email->SMTPConnect()
#3 C:\xampp\htdocs\MX_Bull_International\system\Email\Email.php(1662): CodeIgniter\Email\Email->sendWithSmtp()
#4 C:\xampp\htdocs\MX_Bull_International\system\Email\Email.php(1560): CodeIgniter\Email\Email->spoolEmail()
#5 C:\xampp\htdocs\MX_Bull_International\app\Controllers\Home.php(221): CodeIgniter\Email\Email->send()
#6 C:\xampp\htdocs\MX_Bull_International\system\CodeIgniter.php(927): App\Controllers\Home->enquiry_message()
#7 C:\xampp\htdocs\MX_Bull_International\system\CodeIgniter.php(482): CodeIgniter\CodeIgniter->runController(Object(App\Controllers\Home))
#8 C:\xampp\htdocs\MX_Bull_International\system\CodeIgniter.php(351): CodeIgniter\CodeIgniter->handleRequest(NULL, Object(Config\Cache), false)
#9 C:\xampp\htdocs\MX_Bull_International\index.php(67): CodeIgniter\CodeIgniter->run()
#10 {main}
ERROR - 2023-02-17 04:29:11 --> Email: Unable to send email using SMTP. Your server might not be configured to send mail using this method.
ERROR - 2023-02-17 04:29:11 --> 
ERROR - 2023-02-17 05:21:35 --> Email: sendWithSmtp throwed ErrorException: fsockopen(): php_network_getaddresses: getaddrinfo failed: No such host is known.  in C:\xampp\htdocs\MX_Bull_International\system\Email\Email.php:1863
Stack trace:
#0 [internal function]: CodeIgniter\Debug\Exceptions->errorHandler(2, 'fsockopen(): ph...', 'C:\\xampp\\htdocs...', 1863, Array)
#1 C:\xampp\htdocs\MX_Bull_International\system\Email\Email.php(1863): fsockopen('tls://mail.mxbu...', 465, 0, 'php_network_get...', 50)
#2 C:\xampp\htdocs\MX_Bull_International\system\Email\Email.php(1777): CodeIgniter\Email\Email->SMTPConnect()
#3 C:\xampp\htdocs\MX_Bull_International\system\Email\Email.php(1662): CodeIgniter\Email\Email->sendWithSmtp()
#4 C:\xampp\htdocs\MX_Bull_International\system\Email\Email.php(1560): CodeIgniter\Email\Email->spoolEmail()
#5 C:\xampp\htdocs\MX_Bull_International\app\Controllers\Home.php(221): CodeIgniter\Email\Email->send()
#6 C:\xampp\htdocs\MX_Bull_International\system\CodeIgniter.php(927): App\Controllers\Home->enquiry_message()
#7 C:\xampp\htdocs\MX_Bull_International\system\CodeIgniter.php(482): CodeIgniter\CodeIgniter->runController(Object(App\Controllers\Home))
#8 C:\xampp\htdocs\MX_Bull_International\system\CodeIgniter.php(351): CodeIgniter\CodeIgniter->handleRequest(NULL, Object(Config\Cache), false)
#9 C:\xampp\htdocs\MX_Bull_International\index.php(67): CodeIgniter\CodeIgniter->run()
#10 {main}
ERROR - 2023-02-17 05:21:35 --> Email: Unable to send email using SMTP. Your server might not be configured to send mail using this method.
ERROR - 2023-02-17 05:21:35 --> 
ERROR - 2023-02-17 05:22:17 --> Email: sendWithSmtp throwed ErrorException: fsockopen(): php_network_getaddresses: getaddrinfo failed: No such host is known.  in C:\xampp\htdocs\MX_Bull_International\system\Email\Email.php:1863
Stack trace:
#0 [internal function]: CodeIgniter\Debug\Exceptions->errorHandler(2, 'fsockopen(): ph...', 'C:\\xampp\\htdocs...', 1863, Array)
#1 C:\xampp\htdocs\MX_Bull_International\system\Email\Email.php(1863): fsockopen('tls://mail.mxbu...', 465, 0, 'php_network_get...', 50)
#2 C:\xampp\htdocs\MX_Bull_International\system\Email\Email.php(1777): CodeIgniter\Email\Email->SMTPConnect()
#3 C:\xampp\htdocs\MX_Bull_International\system\Email\Email.php(1662): CodeIgniter\Email\Email->sendWithSmtp()
#4 C:\xampp\htdocs\MX_Bull_International\system\Email\Email.php(1560): CodeIgniter\Email\Email->spoolEmail()
#5 C:\xampp\htdocs\MX_Bull_International\app\Controllers\Home.php(221): CodeIgniter\Email\Email->send()
#6 C:\xampp\htdocs\MX_Bull_International\system\CodeIgniter.php(927): App\Controllers\Home->enquiry_message()
#7 C:\xampp\htdocs\MX_Bull_International\system\CodeIgniter.php(482): CodeIgniter\CodeIgniter->runController(Object(App\Controllers\Home))
#8 C:\xampp\htdocs\MX_Bull_International\system\CodeIgniter.php(351): CodeIgniter\CodeIgniter->handleRequest(NULL, Object(Config\Cache), false)
#9 C:\xampp\htdocs\MX_Bull_International\index.php(67): CodeIgniter\CodeIgniter->run()
#10 {main}
ERROR - 2023-02-17 05:22:17 --> Email: Unable to send email using SMTP. Your server might not be configured to send mail using this method.
ERROR - 2023-02-17 05:22:17 --> 
