ERROR - 2023-03-14 00:53:09 --> Email: sendWithSmtp throwed ErrorException: stream_socket_enable_crypto(): SSL/TLS already set-up for this stream in C:\xampp\htdocs\MX_Bull_International\system\Email\Email.php:1881
Stack trace:
#0 [internal function]: CodeIgniter\Debug\Exceptions->errorHandler(2, 'stream_socket_e...', 'C:\\xampp\\htdocs...', 1881, Array)
#1 C:\xampp\htdocs\MX_Bull_International\system\Email\Email.php(1881): stream_socket_enable_crypto(Resource id #99, true, 57)
#2 C:\xampp\htdocs\MX_Bull_International\system\Email\Email.php(1777): CodeIgniter\Email\Email->SMTPConnect()
#3 C:\xampp\htdocs\MX_Bull_International\system\Email\Email.php(1662): CodeIgniter\Email\Email->sendWithSmtp()
#4 C:\xampp\htdocs\MX_Bull_International\system\Email\Email.php(1560): CodeIgniter\Email\Email->spoolEmail()
#5 C:\xampp\htdocs\MX_Bull_International\app\Controllers\Home.php(245): CodeIgniter\Email\Email->send()
#6 C:\xampp\htdocs\MX_Bull_International\system\CodeIgniter.php(927): App\Controllers\Home->enquiry_message()
#7 C:\xampp\htdocs\MX_Bull_International\system\CodeIgniter.php(482): CodeIgniter\CodeIgniter->runController(Object(App\Controllers\Home))
#8 C:\xampp\htdocs\MX_Bull_International\system\CodeIgniter.php(351): CodeIgniter\CodeIgniter->handleRequest(NULL, Object(Config\Cache), false)
#9 C:\xampp\htdocs\MX_Bull_International\index.php(67): CodeIgniter\CodeIgniter->run()
#10 {main}
ERROR - 2023-03-14 00:53:09 --> Email: Unable to send email using SMTP. Your server might not be configured to send mail using this method.
ERROR - 2023-03-14 00:53:09 --> 220-ds.webcloudspeed.com ESMTP Exim 4.95 #2 Tue, 14 Mar 2023 11:23:09 +0530 
220-We do not authorize the use of this system to transport unsolicited, 
220 and/or bulk e-mail.

hello: 250-ds.webcloudspeed.com Hello localhost [103.74.196.218]
250-SIZE 52428800
250-8BITMIME
250-PIPELINING
250-PIPE_CONNECT
250-AUTH PLAIN LOGIN
250 HELP

starttls: 503 STARTTLS command used when not advertised

The following SMTP error was encountered: 503 STARTTLS command used when not advertised

ERROR - 2023-03-14 07:40:26 --> Email: sendWithSmtp throwed ErrorException: stream_socket_enable_crypto(): SSL/TLS already set-up for this stream in C:\xampp\htdocs\MX_Bull_International\system\Email\Email.php:1881
Stack trace:
#0 [internal function]: CodeIgniter\Debug\Exceptions->errorHandler(2, 'stream_socket_e...', 'C:\\xampp\\htdocs...', 1881, Array)
#1 C:\xampp\htdocs\MX_Bull_International\system\Email\Email.php(1881): stream_socket_enable_crypto(Resource id #99, true, 57)
#2 C:\xampp\htdocs\MX_Bull_International\system\Email\Email.php(1777): CodeIgniter\Email\Email->SMTPConnect()
#3 C:\xampp\htdocs\MX_Bull_International\system\Email\Email.php(1662): CodeIgniter\Email\Email->sendWithSmtp()
#4 C:\xampp\htdocs\MX_Bull_International\system\Email\Email.php(1560): CodeIgniter\Email\Email->spoolEmail()
#5 C:\xampp\htdocs\MX_Bull_International\app\Controllers\Home.php(247): CodeIgniter\Email\Email->send()
#6 C:\xampp\htdocs\MX_Bull_International\system\CodeIgniter.php(927): App\Controllers\Home->enquiry_message()
#7 C:\xampp\htdocs\MX_Bull_International\system\CodeIgniter.php(482): CodeIgniter\CodeIgniter->runController(Object(App\Controllers\Home))
#8 C:\xampp\htdocs\MX_Bull_International\system\CodeIgniter.php(351): CodeIgniter\CodeIgniter->handleRequest(NULL, Object(Config\Cache), false)
#9 C:\xampp\htdocs\MX_Bull_International\index.php(67): CodeIgniter\CodeIgniter->run()
#10 {main}
ERROR - 2023-03-14 07:40:26 --> Email: Unable to send email using SMTP. Your server might not be configured to send mail using this method.
ERROR - 2023-03-14 07:40:26 --> 220-ds.webcloudspeed.com ESMTP Exim 4.95 #2 Tue, 14 Mar 2023 18:10:27 +0530 
220-We do not authorize the use of this system to transport unsolicited, 
220 and/or bulk e-mail.

hello: 250-ds.webcloudspeed.com Hello localhost [103.74.196.218]
250-SIZE 52428800
250-8BITMIME
250-PIPELINING
250-PIPE_CONNECT
250-AUTH PLAIN LOGIN
250 HELP

starttls: 503 STARTTLS command used when not advertised

The following SMTP error was encountered: 503 STARTTLS command used when not advertised

