ERROR - 2023-02-21 03:21:25 --> Email: sendWithSmtp throwed ErrorException: fsockopen(): php_network_getaddresses: getaddrinfo failed: No such host is known.  in C:\xampp\htdocs\MX_Bull_International\system\Email\Email.php:1863
Stack trace:
#0 [internal function]: CodeIgniter\Debug\Exceptions->errorHandler(2, 'fsockopen(): ph...', 'C:\\xampp\\htdocs...', 1863, Array)
#1 C:\xampp\htdocs\MX_Bull_International\system\Email\Email.php(1863): fsockopen('tls://mail.mxbu...', 465, 0, 'php_network_get...', 50)
#2 C:\xampp\htdocs\MX_Bull_International\system\Email\Email.php(1777): CodeIgniter\Email\Email->SMTPConnect()
#3 C:\xampp\htdocs\MX_Bull_International\system\Email\Email.php(1662): CodeIgniter\Email\Email->sendWithSmtp()
#4 C:\xampp\htdocs\MX_Bull_International\system\Email\Email.php(1560): CodeIgniter\Email\Email->spoolEmail()
#5 C:\xampp\htdocs\MX_Bull_International\app\Controllers\Home.php(222): CodeIgniter\Email\Email->send()
#6 C:\xampp\htdocs\MX_Bull_International\system\CodeIgniter.php(927): App\Controllers\Home->enquiry_message()
#7 C:\xampp\htdocs\MX_Bull_International\system\CodeIgniter.php(482): CodeIgniter\CodeIgniter->runController(Object(App\Controllers\Home))
#8 C:\xampp\htdocs\MX_Bull_International\system\CodeIgniter.php(351): CodeIgniter\CodeIgniter->handleRequest(NULL, Object(Config\Cache), false)
#9 C:\xampp\htdocs\MX_Bull_International\index.php(67): CodeIgniter\CodeIgniter->run()
#10 {main}
ERROR - 2023-02-21 03:21:25 --> Email: Unable to send email using SMTP. Your server might not be configured to send mail using this method.
ERROR - 2023-02-21 03:21:25 --> 
ERROR - 2023-02-21 03:21:42 --> Email: sendWithSmtp throwed ErrorException: fsockopen(): php_network_getaddresses: getaddrinfo failed: No such host is known.  in C:\xampp\htdocs\MX_Bull_International\system\Email\Email.php:1863
Stack trace:
#0 [internal function]: CodeIgniter\Debug\Exceptions->errorHandler(2, 'fsockopen(): ph...', 'C:\\xampp\\htdocs...', 1863, Array)
#1 C:\xampp\htdocs\MX_Bull_International\system\Email\Email.php(1863): fsockopen('tls://mail.mxbu...', 465, 0, 'php_network_get...', 50)
#2 C:\xampp\htdocs\MX_Bull_International\system\Email\Email.php(1777): CodeIgniter\Email\Email->SMTPConnect()
#3 C:\xampp\htdocs\MX_Bull_International\system\Email\Email.php(1662): CodeIgniter\Email\Email->sendWithSmtp()
#4 C:\xampp\htdocs\MX_Bull_International\system\Email\Email.php(1560): CodeIgniter\Email\Email->spoolEmail()
#5 C:\xampp\htdocs\MX_Bull_International\app\Controllers\Home.php(222): CodeIgniter\Email\Email->send()
#6 C:\xampp\htdocs\MX_Bull_International\system\CodeIgniter.php(927): App\Controllers\Home->enquiry_message()
#7 C:\xampp\htdocs\MX_Bull_International\system\CodeIgniter.php(482): CodeIgniter\CodeIgniter->runController(Object(App\Controllers\Home))
#8 C:\xampp\htdocs\MX_Bull_International\system\CodeIgniter.php(351): CodeIgniter\CodeIgniter->handleRequest(NULL, Object(Config\Cache), false)
#9 C:\xampp\htdocs\MX_Bull_International\index.php(67): CodeIgniter\CodeIgniter->run()
#10 {main}
ERROR - 2023-02-21 03:21:42 --> Email: Unable to send email using SMTP. Your server might not be configured to send mail using this method.
ERROR - 2023-02-21 03:21:42 --> 
ERROR - 2023-02-21 03:22:02 --> Email: sendWithSmtp throwed ErrorException: fsockopen(): php_network_getaddresses: getaddrinfo failed: No such host is known.  in C:\xampp\htdocs\MX_Bull_International\system\Email\Email.php:1863
Stack trace:
#0 [internal function]: CodeIgniter\Debug\Exceptions->errorHandler(2, 'fsockopen(): ph...', 'C:\\xampp\\htdocs...', 1863, Array)
#1 C:\xampp\htdocs\MX_Bull_International\system\Email\Email.php(1863): fsockopen('tls://mail.mxbu...', 465, 0, 'php_network_get...', 50)
#2 C:\xampp\htdocs\MX_Bull_International\system\Email\Email.php(1777): CodeIgniter\Email\Email->SMTPConnect()
#3 C:\xampp\htdocs\MX_Bull_International\system\Email\Email.php(1662): CodeIgniter\Email\Email->sendWithSmtp()
#4 C:\xampp\htdocs\MX_Bull_International\system\Email\Email.php(1560): CodeIgniter\Email\Email->spoolEmail()
#5 C:\xampp\htdocs\MX_Bull_International\app\Controllers\Home.php(222): CodeIgniter\Email\Email->send()
#6 C:\xampp\htdocs\MX_Bull_International\system\CodeIgniter.php(927): App\Controllers\Home->enquiry_message()
#7 C:\xampp\htdocs\MX_Bull_International\system\CodeIgniter.php(482): CodeIgniter\CodeIgniter->runController(Object(App\Controllers\Home))
#8 C:\xampp\htdocs\MX_Bull_International\system\CodeIgniter.php(351): CodeIgniter\CodeIgniter->handleRequest(NULL, Object(Config\Cache), false)
#9 C:\xampp\htdocs\MX_Bull_International\index.php(67): CodeIgniter\CodeIgniter->run()
#10 {main}
ERROR - 2023-02-21 03:22:02 --> Email: Unable to send email using SMTP. Your server might not be configured to send mail using this method.
ERROR - 2023-02-21 03:22:02 --> 
ERROR - 2023-02-21 03:22:04 --> Email: sendWithSmtp throwed ErrorException: fsockopen(): php_network_getaddresses: getaddrinfo failed: No such host is known.  in C:\xampp\htdocs\MX_Bull_International\system\Email\Email.php:1863
Stack trace:
#0 [internal function]: CodeIgniter\Debug\Exceptions->errorHandler(2, 'fsockopen(): ph...', 'C:\\xampp\\htdocs...', 1863, Array)
#1 C:\xampp\htdocs\MX_Bull_International\system\Email\Email.php(1863): fsockopen('tls://mail.mxbu...', 465, 0, 'php_network_get...', 50)
#2 C:\xampp\htdocs\MX_Bull_International\system\Email\Email.php(1777): CodeIgniter\Email\Email->SMTPConnect()
#3 C:\xampp\htdocs\MX_Bull_International\system\Email\Email.php(1662): CodeIgniter\Email\Email->sendWithSmtp()
#4 C:\xampp\htdocs\MX_Bull_International\system\Email\Email.php(1560): CodeIgniter\Email\Email->spoolEmail()
#5 C:\xampp\htdocs\MX_Bull_International\app\Controllers\Home.php(222): CodeIgniter\Email\Email->send()
#6 C:\xampp\htdocs\MX_Bull_International\system\CodeIgniter.php(927): App\Controllers\Home->enquiry_message()
#7 C:\xampp\htdocs\MX_Bull_International\system\CodeIgniter.php(482): CodeIgniter\CodeIgniter->runController(Object(App\Controllers\Home))
#8 C:\xampp\htdocs\MX_Bull_International\system\CodeIgniter.php(351): CodeIgniter\CodeIgniter->handleRequest(NULL, Object(Config\Cache), false)
#9 C:\xampp\htdocs\MX_Bull_International\index.php(67): CodeIgniter\CodeIgniter->run()
#10 {main}
ERROR - 2023-02-21 03:22:04 --> Email: Unable to send email using SMTP. Your server might not be configured to send mail using this method.
ERROR - 2023-02-21 03:22:04 --> 
ERROR - 2023-02-21 03:25:46 --> Email: sendWithSmtp throwed ErrorException: fsockopen(): php_network_getaddresses: getaddrinfo failed: No such host is known.  in C:\xampp\htdocs\MX_Bull_International\system\Email\Email.php:1863
Stack trace:
#0 [internal function]: CodeIgniter\Debug\Exceptions->errorHandler(2, 'fsockopen(): ph...', 'C:\\xampp\\htdocs...', 1863, Array)
#1 C:\xampp\htdocs\MX_Bull_International\system\Email\Email.php(1863): fsockopen('tls://mail.mxbu...', 465, 0, 'php_network_get...', 50)
#2 C:\xampp\htdocs\MX_Bull_International\system\Email\Email.php(1777): CodeIgniter\Email\Email->SMTPConnect()
#3 C:\xampp\htdocs\MX_Bull_International\system\Email\Email.php(1662): CodeIgniter\Email\Email->sendWithSmtp()
#4 C:\xampp\htdocs\MX_Bull_International\system\Email\Email.php(1560): CodeIgniter\Email\Email->spoolEmail()
#5 C:\xampp\htdocs\MX_Bull_International\app\Controllers\Home.php(222): CodeIgniter\Email\Email->send()
#6 C:\xampp\htdocs\MX_Bull_International\system\CodeIgniter.php(927): App\Controllers\Home->enquiry_message()
#7 C:\xampp\htdocs\MX_Bull_International\system\CodeIgniter.php(482): CodeIgniter\CodeIgniter->runController(Object(App\Controllers\Home))
#8 C:\xampp\htdocs\MX_Bull_International\system\CodeIgniter.php(351): CodeIgniter\CodeIgniter->handleRequest(NULL, Object(Config\Cache), false)
#9 C:\xampp\htdocs\MX_Bull_International\index.php(67): CodeIgniter\CodeIgniter->run()
#10 {main}
ERROR - 2023-02-21 03:25:46 --> Email: Unable to send email using SMTP. Your server might not be configured to send mail using this method.
ERROR - 2023-02-21 03:25:46 --> 
ERROR - 2023-02-21 03:25:50 --> Email: sendWithSmtp throwed ErrorException: fsockopen(): php_network_getaddresses: getaddrinfo failed: No such host is known.  in C:\xampp\htdocs\MX_Bull_International\system\Email\Email.php:1863
Stack trace:
#0 [internal function]: CodeIgniter\Debug\Exceptions->errorHandler(2, 'fsockopen(): ph...', 'C:\\xampp\\htdocs...', 1863, Array)
#1 C:\xampp\htdocs\MX_Bull_International\system\Email\Email.php(1863): fsockopen('tls://mail.mxbu...', 465, 0, 'php_network_get...', 50)
#2 C:\xampp\htdocs\MX_Bull_International\system\Email\Email.php(1777): CodeIgniter\Email\Email->SMTPConnect()
#3 C:\xampp\htdocs\MX_Bull_International\system\Email\Email.php(1662): CodeIgniter\Email\Email->sendWithSmtp()
#4 C:\xampp\htdocs\MX_Bull_International\system\Email\Email.php(1560): CodeIgniter\Email\Email->spoolEmail()
#5 C:\xampp\htdocs\MX_Bull_International\app\Controllers\Home.php(222): CodeIgniter\Email\Email->send()
#6 C:\xampp\htdocs\MX_Bull_International\system\CodeIgniter.php(927): App\Controllers\Home->enquiry_message()
#7 C:\xampp\htdocs\MX_Bull_International\system\CodeIgniter.php(482): CodeIgniter\CodeIgniter->runController(Object(App\Controllers\Home))
#8 C:\xampp\htdocs\MX_Bull_International\system\CodeIgniter.php(351): CodeIgniter\CodeIgniter->handleRequest(NULL, Object(Config\Cache), false)
#9 C:\xampp\htdocs\MX_Bull_International\index.php(67): CodeIgniter\CodeIgniter->run()
#10 {main}
ERROR - 2023-02-21 03:25:50 --> Email: Unable to send email using SMTP. Your server might not be configured to send mail using this method.
ERROR - 2023-02-21 03:25:50 --> 
ERROR - 2023-02-21 03:25:50 --> Email: sendWithSmtp throwed ErrorException: fsockopen(): php_network_getaddresses: getaddrinfo failed: No such host is known.  in C:\xampp\htdocs\MX_Bull_International\system\Email\Email.php:1863
Stack trace:
#0 [internal function]: CodeIgniter\Debug\Exceptions->errorHandler(2, 'fsockopen(): ph...', 'C:\\xampp\\htdocs...', 1863, Array)
#1 C:\xampp\htdocs\MX_Bull_International\system\Email\Email.php(1863): fsockopen('tls://mail.mxbu...', 465, 0, 'php_network_get...', 50)
#2 C:\xampp\htdocs\MX_Bull_International\system\Email\Email.php(1777): CodeIgniter\Email\Email->SMTPConnect()
#3 C:\xampp\htdocs\MX_Bull_International\system\Email\Email.php(1662): CodeIgniter\Email\Email->sendWithSmtp()
#4 C:\xampp\htdocs\MX_Bull_International\system\Email\Email.php(1560): CodeIgniter\Email\Email->spoolEmail()
#5 C:\xampp\htdocs\MX_Bull_International\app\Controllers\Home.php(225): CodeIgniter\Email\Email->send()
#6 C:\xampp\htdocs\MX_Bull_International\system\CodeIgniter.php(927): App\Controllers\Home->enquiry_message()
#7 C:\xampp\htdocs\MX_Bull_International\system\CodeIgniter.php(482): CodeIgniter\CodeIgniter->runController(Object(App\Controllers\Home))
#8 C:\xampp\htdocs\MX_Bull_International\system\CodeIgniter.php(351): CodeIgniter\CodeIgniter->handleRequest(NULL, Object(Config\Cache), false)
#9 C:\xampp\htdocs\MX_Bull_International\index.php(67): CodeIgniter\CodeIgniter->run()
#10 {main}
ERROR - 2023-02-21 03:25:50 --> Email: Unable to send email using SMTP. Your server might not be configured to send mail using this method.
ERROR - 2023-02-21 03:25:50 --> Unable to send email using SMTP. Your server might not be configured to send mail using this method.
ERROR - 2023-02-21 04:24:26 --> Email: sendWithSmtp throwed ErrorException: fsockopen(): php_network_getaddresses: getaddrinfo failed: No such host is known.  in C:\xampp\htdocs\MX_Bull_International\system\Email\Email.php:1863
Stack trace:
#0 [internal function]: CodeIgniter\Debug\Exceptions->errorHandler(2, 'fsockopen(): ph...', 'C:\\xampp\\htdocs...', 1863, Array)
#1 C:\xampp\htdocs\MX_Bull_International\system\Email\Email.php(1863): fsockopen('tls://mail.mxbu...', 465, 0, 'php_network_get...', 50)
#2 C:\xampp\htdocs\MX_Bull_International\system\Email\Email.php(1777): CodeIgniter\Email\Email->SMTPConnect()
#3 C:\xampp\htdocs\MX_Bull_International\system\Email\Email.php(1662): CodeIgniter\Email\Email->sendWithSmtp()
#4 C:\xampp\htdocs\MX_Bull_International\system\Email\Email.php(1560): CodeIgniter\Email\Email->spoolEmail()
#5 C:\xampp\htdocs\MX_Bull_International\app\Controllers\Home.php(222): CodeIgniter\Email\Email->send()
#6 C:\xampp\htdocs\MX_Bull_International\system\CodeIgniter.php(927): App\Controllers\Home->enquiry_message()
#7 C:\xampp\htdocs\MX_Bull_International\system\CodeIgniter.php(482): CodeIgniter\CodeIgniter->runController(Object(App\Controllers\Home))
#8 C:\xampp\htdocs\MX_Bull_International\system\CodeIgniter.php(351): CodeIgniter\CodeIgniter->handleRequest(NULL, Object(Config\Cache), false)
#9 C:\xampp\htdocs\MX_Bull_International\index.php(67): CodeIgniter\CodeIgniter->run()
#10 {main}
ERROR - 2023-02-21 04:24:26 --> Email: Unable to send email using SMTP. Your server might not be configured to send mail using this method.
ERROR - 2023-02-21 04:24:26 --> 
ERROR - 2023-02-21 04:24:26 --> Email: sendWithSmtp throwed ErrorException: fsockopen(): php_network_getaddresses: getaddrinfo failed: No such host is known.  in C:\xampp\htdocs\MX_Bull_International\system\Email\Email.php:1863
Stack trace:
#0 [internal function]: CodeIgniter\Debug\Exceptions->errorHandler(2, 'fsockopen(): ph...', 'C:\\xampp\\htdocs...', 1863, Array)
#1 C:\xampp\htdocs\MX_Bull_International\system\Email\Email.php(1863): fsockopen('tls://mail.mxbu...', 465, 0, 'php_network_get...', 50)
#2 C:\xampp\htdocs\MX_Bull_International\system\Email\Email.php(1777): CodeIgniter\Email\Email->SMTPConnect()
#3 C:\xampp\htdocs\MX_Bull_International\system\Email\Email.php(1662): CodeIgniter\Email\Email->sendWithSmtp()
#4 C:\xampp\htdocs\MX_Bull_International\system\Email\Email.php(1560): CodeIgniter\Email\Email->spoolEmail()
#5 C:\xampp\htdocs\MX_Bull_International\app\Controllers\Home.php(225): CodeIgniter\Email\Email->send()
#6 C:\xampp\htdocs\MX_Bull_International\system\CodeIgniter.php(927): App\Controllers\Home->enquiry_message()
#7 C:\xampp\htdocs\MX_Bull_International\system\CodeIgniter.php(482): CodeIgniter\CodeIgniter->runController(Object(App\Controllers\Home))
#8 C:\xampp\htdocs\MX_Bull_International\system\CodeIgniter.php(351): CodeIgniter\CodeIgniter->handleRequest(NULL, Object(Config\Cache), false)
#9 C:\xampp\htdocs\MX_Bull_International\index.php(67): CodeIgniter\CodeIgniter->run()
#10 {main}
ERROR - 2023-02-21 04:24:26 --> Email: Unable to send email using SMTP. Your server might not be configured to send mail using this method.
ERROR - 2023-02-21 04:24:26 --> Unable to send email using SMTP. Your server might not be configured to send mail using this method.
ERROR - 2023-02-21 04:24:29 --> Email: sendWithSmtp throwed ErrorException: fsockopen(): php_network_getaddresses: getaddrinfo failed: No such host is known.  in C:\xampp\htdocs\MX_Bull_International\system\Email\Email.php:1863
Stack trace:
#0 [internal function]: CodeIgniter\Debug\Exceptions->errorHandler(2, 'fsockopen(): ph...', 'C:\\xampp\\htdocs...', 1863, Array)
#1 C:\xampp\htdocs\MX_Bull_International\system\Email\Email.php(1863): fsockopen('tls://mail.mxbu...', 465, 0, 'php_network_get...', 50)
#2 C:\xampp\htdocs\MX_Bull_International\system\Email\Email.php(1777): CodeIgniter\Email\Email->SMTPConnect()
#3 C:\xampp\htdocs\MX_Bull_International\system\Email\Email.php(1662): CodeIgniter\Email\Email->sendWithSmtp()
#4 C:\xampp\htdocs\MX_Bull_International\system\Email\Email.php(1560): CodeIgniter\Email\Email->spoolEmail()
#5 C:\xampp\htdocs\MX_Bull_International\app\Controllers\Home.php(222): CodeIgniter\Email\Email->send()
#6 C:\xampp\htdocs\MX_Bull_International\system\CodeIgniter.php(927): App\Controllers\Home->enquiry_message()
#7 C:\xampp\htdocs\MX_Bull_International\system\CodeIgniter.php(482): CodeIgniter\CodeIgniter->runController(Object(App\Controllers\Home))
#8 C:\xampp\htdocs\MX_Bull_International\system\CodeIgniter.php(351): CodeIgniter\CodeIgniter->handleRequest(NULL, Object(Config\Cache), false)
#9 C:\xampp\htdocs\MX_Bull_International\index.php(67): CodeIgniter\CodeIgniter->run()
#10 {main}
ERROR - 2023-02-21 04:24:29 --> Email: Unable to send email using SMTP. Your server might not be configured to send mail using this method.
ERROR - 2023-02-21 04:24:29 --> 
ERROR - 2023-02-21 04:24:29 --> Email: sendWithSmtp throwed ErrorException: fsockopen(): php_network_getaddresses: getaddrinfo failed: No such host is known.  in C:\xampp\htdocs\MX_Bull_International\system\Email\Email.php:1863
Stack trace:
#0 [internal function]: CodeIgniter\Debug\Exceptions->errorHandler(2, 'fsockopen(): ph...', 'C:\\xampp\\htdocs...', 1863, Array)
#1 C:\xampp\htdocs\MX_Bull_International\system\Email\Email.php(1863): fsockopen('tls://mail.mxbu...', 465, 0, 'php_network_get...', 50)
#2 C:\xampp\htdocs\MX_Bull_International\system\Email\Email.php(1777): CodeIgniter\Email\Email->SMTPConnect()
#3 C:\xampp\htdocs\MX_Bull_International\system\Email\Email.php(1662): CodeIgniter\Email\Email->sendWithSmtp()
#4 C:\xampp\htdocs\MX_Bull_International\system\Email\Email.php(1560): CodeIgniter\Email\Email->spoolEmail()
#5 C:\xampp\htdocs\MX_Bull_International\app\Controllers\Home.php(225): CodeIgniter\Email\Email->send()
#6 C:\xampp\htdocs\MX_Bull_International\system\CodeIgniter.php(927): App\Controllers\Home->enquiry_message()
#7 C:\xampp\htdocs\MX_Bull_International\system\CodeIgniter.php(482): CodeIgniter\CodeIgniter->runController(Object(App\Controllers\Home))
#8 C:\xampp\htdocs\MX_Bull_International\system\CodeIgniter.php(351): CodeIgniter\CodeIgniter->handleRequest(NULL, Object(Config\Cache), false)
#9 C:\xampp\htdocs\MX_Bull_International\index.php(67): CodeIgniter\CodeIgniter->run()
#10 {main}
ERROR - 2023-02-21 04:24:29 --> Email: Unable to send email using SMTP. Your server might not be configured to send mail using this method.
ERROR - 2023-02-21 04:24:29 --> Unable to send email using SMTP. Your server might not be configured to send mail using this method.
