ERROR - 2023-02-19 23:04:39 --> Email: sendWithSmtp throwed ErrorException: fsockopen(): php_network_getaddresses: getaddrinfo failed: No such host is known.  in C:\xampp\htdocs\MX_Bull_International\system\Email\Email.php:1863
Stack trace:
#0 [internal function]: CodeIgniter\Debug\Exceptions->errorHandler(2, 'fsockopen(): ph...', 'C:\\xampp\\htdocs...', 1863, Array)
#1 C:\xampp\htdocs\MX_Bull_International\system\Email\Email.php(1863): fsockopen('tls://mail.mxbu...', 465, 0, 'php_network_get...', 50)
#2 C:\xampp\htdocs\MX_Bull_International\system\Email\Email.php(1777): CodeIgniter\Email\Email->SMTPConnect()
#3 C:\xampp\htdocs\MX_Bull_International\system\Email\Email.php(1662): CodeIgniter\Email\Email->sendWithSmtp()
#4 C:\xampp\htdocs\MX_Bull_International\system\Email\Email.php(1560): CodeIgniter\Email\Email->spoolEmail()
#5 C:\xampp\htdocs\MX_Bull_International\app\Controllers\Home.php(221): CodeIgniter\Email\Email->send()
#6 C:\xampp\htdocs\MX_Bull_International\system\CodeIgniter.php(927): App\Controllers\Home->enquiry_message()
#7 C:\xampp\htdocs\MX_Bull_International\system\CodeIgniter.php(482): CodeIgniter\CodeIgniter->runController(Object(App\Controllers\Home))
#8 C:\xampp\htdocs\MX_Bull_International\system\CodeIgniter.php(351): CodeIgniter\CodeIgniter->handleRequest(NULL, Object(Config\Cache), false)
#9 C:\xampp\htdocs\MX_Bull_International\index.php(67): CodeIgniter\CodeIgniter->run()
#10 {main}
ERROR - 2023-02-19 23:04:39 --> Email: Unable to send email using SMTP. Your server might not be configured to send mail using this method.
ERROR - 2023-02-19 23:04:39 --> 
ERROR - 2023-02-19 23:07:23 --> Email: sendWithSmtp throwed ErrorException: fsockopen(): php_network_getaddresses: getaddrinfo failed: No such host is known.  in C:\xampp\htdocs\MX_Bull_International\system\Email\Email.php:1863
Stack trace:
#0 [internal function]: CodeIgniter\Debug\Exceptions->errorHandler(2, 'fsockopen(): ph...', 'C:\\xampp\\htdocs...', 1863, Array)
#1 C:\xampp\htdocs\MX_Bull_International\system\Email\Email.php(1863): fsockopen('tls://mail.mxbu...', 465, 0, 'php_network_get...', 50)
#2 C:\xampp\htdocs\MX_Bull_International\system\Email\Email.php(1777): CodeIgniter\Email\Email->SMTPConnect()
#3 C:\xampp\htdocs\MX_Bull_International\system\Email\Email.php(1662): CodeIgniter\Email\Email->sendWithSmtp()
#4 C:\xampp\htdocs\MX_Bull_International\system\Email\Email.php(1560): CodeIgniter\Email\Email->spoolEmail()
#5 C:\xampp\htdocs\MX_Bull_International\app\Controllers\Home.php(221): CodeIgniter\Email\Email->send()
#6 C:\xampp\htdocs\MX_Bull_International\system\CodeIgniter.php(927): App\Controllers\Home->enquiry_message()
#7 C:\xampp\htdocs\MX_Bull_International\system\CodeIgniter.php(482): CodeIgniter\CodeIgniter->runController(Object(App\Controllers\Home))
#8 C:\xampp\htdocs\MX_Bull_International\system\CodeIgniter.php(351): CodeIgniter\CodeIgniter->handleRequest(NULL, Object(Config\Cache), false)
#9 C:\xampp\htdocs\MX_Bull_International\index.php(67): CodeIgniter\CodeIgniter->run()
#10 {main}
ERROR - 2023-02-19 23:07:23 --> Email: Unable to send email using SMTP. Your server might not be configured to send mail using this method.
ERROR - 2023-02-19 23:07:23 --> 
ERROR - 2023-02-19 23:08:59 --> Email: sendWithSmtp throwed ErrorException: fsockopen(): php_network_getaddresses: getaddrinfo failed: No such host is known.  in C:\xampp\htdocs\MX_Bull_International\system\Email\Email.php:1863
Stack trace:
#0 [internal function]: CodeIgniter\Debug\Exceptions->errorHandler(2, 'fsockopen(): ph...', 'C:\\xampp\\htdocs...', 1863, Array)
#1 C:\xampp\htdocs\MX_Bull_International\system\Email\Email.php(1863): fsockopen('tls://mail.mxbu...', 465, 0, 'php_network_get...', 50)
#2 C:\xampp\htdocs\MX_Bull_International\system\Email\Email.php(1777): CodeIgniter\Email\Email->SMTPConnect()
#3 C:\xampp\htdocs\MX_Bull_International\system\Email\Email.php(1662): CodeIgniter\Email\Email->sendWithSmtp()
#4 C:\xampp\htdocs\MX_Bull_International\system\Email\Email.php(1560): CodeIgniter\Email\Email->spoolEmail()
#5 C:\xampp\htdocs\MX_Bull_International\app\Controllers\Home.php(221): CodeIgniter\Email\Email->send()
#6 C:\xampp\htdocs\MX_Bull_International\system\CodeIgniter.php(927): App\Controllers\Home->enquiry_message()
#7 C:\xampp\htdocs\MX_Bull_International\system\CodeIgniter.php(482): CodeIgniter\CodeIgniter->runController(Object(App\Controllers\Home))
#8 C:\xampp\htdocs\MX_Bull_International\system\CodeIgniter.php(351): CodeIgniter\CodeIgniter->handleRequest(NULL, Object(Config\Cache), false)
#9 C:\xampp\htdocs\MX_Bull_International\index.php(67): CodeIgniter\CodeIgniter->run()
#10 {main}
ERROR - 2023-02-19 23:08:59 --> Email: Unable to send email using SMTP. Your server might not be configured to send mail using this method.
ERROR - 2023-02-19 23:08:59 --> 
ERROR - 2023-02-19 23:09:46 --> Email: sendWithSmtp throwed ErrorException: fsockopen(): php_network_getaddresses: getaddrinfo failed: No such host is known.  in C:\xampp\htdocs\MX_Bull_International\system\Email\Email.php:1863
Stack trace:
#0 [internal function]: CodeIgniter\Debug\Exceptions->errorHandler(2, 'fsockopen(): ph...', 'C:\\xampp\\htdocs...', 1863, Array)
#1 C:\xampp\htdocs\MX_Bull_International\system\Email\Email.php(1863): fsockopen('tls://mail.mxbu...', 465, 0, 'php_network_get...', 50)
#2 C:\xampp\htdocs\MX_Bull_International\system\Email\Email.php(1777): CodeIgniter\Email\Email->SMTPConnect()
#3 C:\xampp\htdocs\MX_Bull_International\system\Email\Email.php(1662): CodeIgniter\Email\Email->sendWithSmtp()
#4 C:\xampp\htdocs\MX_Bull_International\system\Email\Email.php(1560): CodeIgniter\Email\Email->spoolEmail()
#5 C:\xampp\htdocs\MX_Bull_International\app\Controllers\Home.php(221): CodeIgniter\Email\Email->send()
#6 C:\xampp\htdocs\MX_Bull_International\system\CodeIgniter.php(927): App\Controllers\Home->enquiry_message()
#7 C:\xampp\htdocs\MX_Bull_International\system\CodeIgniter.php(482): CodeIgniter\CodeIgniter->runController(Object(App\Controllers\Home))
#8 C:\xampp\htdocs\MX_Bull_International\system\CodeIgniter.php(351): CodeIgniter\CodeIgniter->handleRequest(NULL, Object(Config\Cache), false)
#9 C:\xampp\htdocs\MX_Bull_International\index.php(67): CodeIgniter\CodeIgniter->run()
#10 {main}
ERROR - 2023-02-19 23:09:46 --> Email: Unable to send email using SMTP. Your server might not be configured to send mail using this method.
ERROR - 2023-02-19 23:09:46 --> 
ERROR - 2023-02-19 23:12:25 --> Email: sendWithSmtp throwed ErrorException: fsockopen(): php_network_getaddresses: getaddrinfo failed: No such host is known.  in C:\xampp\htdocs\MX_Bull_International\system\Email\Email.php:1863
Stack trace:
#0 [internal function]: CodeIgniter\Debug\Exceptions->errorHandler(2, 'fsockopen(): ph...', 'C:\\xampp\\htdocs...', 1863, Array)
#1 C:\xampp\htdocs\MX_Bull_International\system\Email\Email.php(1863): fsockopen('tls://mail.mxbu...', 465, 0, 'php_network_get...', 50)
#2 C:\xampp\htdocs\MX_Bull_International\system\Email\Email.php(1777): CodeIgniter\Email\Email->SMTPConnect()
#3 C:\xampp\htdocs\MX_Bull_International\system\Email\Email.php(1662): CodeIgniter\Email\Email->sendWithSmtp()
#4 C:\xampp\htdocs\MX_Bull_International\system\Email\Email.php(1560): CodeIgniter\Email\Email->spoolEmail()
#5 C:\xampp\htdocs\MX_Bull_International\app\Controllers\Home.php(221): CodeIgniter\Email\Email->send()
#6 C:\xampp\htdocs\MX_Bull_International\system\CodeIgniter.php(927): App\Controllers\Home->enquiry_message()
#7 C:\xampp\htdocs\MX_Bull_International\system\CodeIgniter.php(482): CodeIgniter\CodeIgniter->runController(Object(App\Controllers\Home))
#8 C:\xampp\htdocs\MX_Bull_International\system\CodeIgniter.php(351): CodeIgniter\CodeIgniter->handleRequest(NULL, Object(Config\Cache), false)
#9 C:\xampp\htdocs\MX_Bull_International\index.php(67): CodeIgniter\CodeIgniter->run()
#10 {main}
ERROR - 2023-02-19 23:12:25 --> Email: Unable to send email using SMTP. Your server might not be configured to send mail using this method.
ERROR - 2023-02-19 23:12:25 --> 
ERROR - 2023-02-19 23:28:58 --> Email: sendWithSmtp throwed ErrorException: fsockopen(): php_network_getaddresses: getaddrinfo failed: No such host is known.  in C:\xampp\htdocs\MX_Bull_International\system\Email\Email.php:1863
Stack trace:
#0 [internal function]: CodeIgniter\Debug\Exceptions->errorHandler(2, 'fsockopen(): ph...', 'C:\\xampp\\htdocs...', 1863, Array)
#1 C:\xampp\htdocs\MX_Bull_International\system\Email\Email.php(1863): fsockopen('tls://mail.mxbu...', 465, 0, 'php_network_get...', 50)
#2 C:\xampp\htdocs\MX_Bull_International\system\Email\Email.php(1777): CodeIgniter\Email\Email->SMTPConnect()
#3 C:\xampp\htdocs\MX_Bull_International\system\Email\Email.php(1662): CodeIgniter\Email\Email->sendWithSmtp()
#4 C:\xampp\htdocs\MX_Bull_International\system\Email\Email.php(1560): CodeIgniter\Email\Email->spoolEmail()
#5 C:\xampp\htdocs\MX_Bull_International\app\Controllers\Home.php(221): CodeIgniter\Email\Email->send()
#6 C:\xampp\htdocs\MX_Bull_International\system\CodeIgniter.php(927): App\Controllers\Home->enquiry_message()
#7 C:\xampp\htdocs\MX_Bull_International\system\CodeIgniter.php(482): CodeIgniter\CodeIgniter->runController(Object(App\Controllers\Home))
#8 C:\xampp\htdocs\MX_Bull_International\system\CodeIgniter.php(351): CodeIgniter\CodeIgniter->handleRequest(NULL, Object(Config\Cache), false)
#9 C:\xampp\htdocs\MX_Bull_International\index.php(67): CodeIgniter\CodeIgniter->run()
#10 {main}
ERROR - 2023-02-19 23:28:58 --> Email: Unable to send email using SMTP. Your server might not be configured to send mail using this method.
ERROR - 2023-02-19 23:28:58 --> 
ERROR - 2023-02-19 23:29:40 --> Email: sendWithSmtp throwed ErrorException: fsockopen(): php_network_getaddresses: getaddrinfo failed: No such host is known.  in C:\xampp\htdocs\MX_Bull_International\system\Email\Email.php:1863
Stack trace:
#0 [internal function]: CodeIgniter\Debug\Exceptions->errorHandler(2, 'fsockopen(): ph...', 'C:\\xampp\\htdocs...', 1863, Array)
#1 C:\xampp\htdocs\MX_Bull_International\system\Email\Email.php(1863): fsockopen('tls://mail.mxbu...', 465, 0, 'php_network_get...', 50)
#2 C:\xampp\htdocs\MX_Bull_International\system\Email\Email.php(1777): CodeIgniter\Email\Email->SMTPConnect()
#3 C:\xampp\htdocs\MX_Bull_International\system\Email\Email.php(1662): CodeIgniter\Email\Email->sendWithSmtp()
#4 C:\xampp\htdocs\MX_Bull_International\system\Email\Email.php(1560): CodeIgniter\Email\Email->spoolEmail()
#5 C:\xampp\htdocs\MX_Bull_International\app\Controllers\Home.php(221): CodeIgniter\Email\Email->send()
#6 C:\xampp\htdocs\MX_Bull_International\system\CodeIgniter.php(927): App\Controllers\Home->enquiry_message()
#7 C:\xampp\htdocs\MX_Bull_International\system\CodeIgniter.php(482): CodeIgniter\CodeIgniter->runController(Object(App\Controllers\Home))
#8 C:\xampp\htdocs\MX_Bull_International\system\CodeIgniter.php(351): CodeIgniter\CodeIgniter->handleRequest(NULL, Object(Config\Cache), false)
#9 C:\xampp\htdocs\MX_Bull_International\index.php(67): CodeIgniter\CodeIgniter->run()
#10 {main}
ERROR - 2023-02-19 23:29:40 --> Email: Unable to send email using SMTP. Your server might not be configured to send mail using this method.
ERROR - 2023-02-19 23:29:40 --> 
ERROR - 2023-02-19 23:29:58 --> Email: sendWithSmtp throwed ErrorException: fsockopen(): php_network_getaddresses: getaddrinfo failed: No such host is known.  in C:\xampp\htdocs\MX_Bull_International\system\Email\Email.php:1863
Stack trace:
#0 [internal function]: CodeIgniter\Debug\Exceptions->errorHandler(2, 'fsockopen(): ph...', 'C:\\xampp\\htdocs...', 1863, Array)
#1 C:\xampp\htdocs\MX_Bull_International\system\Email\Email.php(1863): fsockopen('tls://mail.mxbu...', 465, 0, 'php_network_get...', 50)
#2 C:\xampp\htdocs\MX_Bull_International\system\Email\Email.php(1777): CodeIgniter\Email\Email->SMTPConnect()
#3 C:\xampp\htdocs\MX_Bull_International\system\Email\Email.php(1662): CodeIgniter\Email\Email->sendWithSmtp()
#4 C:\xampp\htdocs\MX_Bull_International\system\Email\Email.php(1560): CodeIgniter\Email\Email->spoolEmail()
#5 C:\xampp\htdocs\MX_Bull_International\app\Controllers\Home.php(221): CodeIgniter\Email\Email->send()
#6 C:\xampp\htdocs\MX_Bull_International\system\CodeIgniter.php(927): App\Controllers\Home->enquiry_message()
#7 C:\xampp\htdocs\MX_Bull_International\system\CodeIgniter.php(482): CodeIgniter\CodeIgniter->runController(Object(App\Controllers\Home))
#8 C:\xampp\htdocs\MX_Bull_International\system\CodeIgniter.php(351): CodeIgniter\CodeIgniter->handleRequest(NULL, Object(Config\Cache), false)
#9 C:\xampp\htdocs\MX_Bull_International\index.php(67): CodeIgniter\CodeIgniter->run()
#10 {main}
ERROR - 2023-02-19 23:29:58 --> Email: Unable to send email using SMTP. Your server might not be configured to send mail using this method.
ERROR - 2023-02-19 23:29:58 --> 
ERROR - 2023-02-19 23:30:15 --> Email: sendWithSmtp throwed ErrorException: fsockopen(): php_network_getaddresses: getaddrinfo failed: No such host is known.  in C:\xampp\htdocs\MX_Bull_International\system\Email\Email.php:1863
Stack trace:
#0 [internal function]: CodeIgniter\Debug\Exceptions->errorHandler(2, 'fsockopen(): ph...', 'C:\\xampp\\htdocs...', 1863, Array)
#1 C:\xampp\htdocs\MX_Bull_International\system\Email\Email.php(1863): fsockopen('tls://mail.mxbu...', 465, 0, 'php_network_get...', 50)
#2 C:\xampp\htdocs\MX_Bull_International\system\Email\Email.php(1777): CodeIgniter\Email\Email->SMTPConnect()
#3 C:\xampp\htdocs\MX_Bull_International\system\Email\Email.php(1662): CodeIgniter\Email\Email->sendWithSmtp()
#4 C:\xampp\htdocs\MX_Bull_International\system\Email\Email.php(1560): CodeIgniter\Email\Email->spoolEmail()
#5 C:\xampp\htdocs\MX_Bull_International\app\Controllers\Home.php(221): CodeIgniter\Email\Email->send()
#6 C:\xampp\htdocs\MX_Bull_International\system\CodeIgniter.php(927): App\Controllers\Home->enquiry_message()
#7 C:\xampp\htdocs\MX_Bull_International\system\CodeIgniter.php(482): CodeIgniter\CodeIgniter->runController(Object(App\Controllers\Home))
#8 C:\xampp\htdocs\MX_Bull_International\system\CodeIgniter.php(351): CodeIgniter\CodeIgniter->handleRequest(NULL, Object(Config\Cache), false)
#9 C:\xampp\htdocs\MX_Bull_International\index.php(67): CodeIgniter\CodeIgniter->run()
#10 {main}
ERROR - 2023-02-19 23:30:15 --> Email: Unable to send email using SMTP. Your server might not be configured to send mail using this method.
ERROR - 2023-02-19 23:30:15 --> 
ERROR - 2023-02-19 23:39:56 --> Email: sendWithSmtp throwed ErrorException: fsockopen(): php_network_getaddresses: getaddrinfo failed: No such host is known.  in C:\xampp\htdocs\MX_Bull_International\system\Email\Email.php:1863
Stack trace:
#0 [internal function]: CodeIgniter\Debug\Exceptions->errorHandler(2, 'fsockopen(): ph...', 'C:\\xampp\\htdocs...', 1863, Array)
#1 C:\xampp\htdocs\MX_Bull_International\system\Email\Email.php(1863): fsockopen('tls://smtp.mxbu...', 465, 0, 'php_network_get...', 50)
#2 C:\xampp\htdocs\MX_Bull_International\system\Email\Email.php(1777): CodeIgniter\Email\Email->SMTPConnect()
#3 C:\xampp\htdocs\MX_Bull_International\system\Email\Email.php(1662): CodeIgniter\Email\Email->sendWithSmtp()
#4 C:\xampp\htdocs\MX_Bull_International\system\Email\Email.php(1560): CodeIgniter\Email\Email->spoolEmail()
#5 C:\xampp\htdocs\MX_Bull_International\app\Controllers\Home.php(221): CodeIgniter\Email\Email->send()
#6 C:\xampp\htdocs\MX_Bull_International\system\CodeIgniter.php(927): App\Controllers\Home->enquiry_message()
#7 C:\xampp\htdocs\MX_Bull_International\system\CodeIgniter.php(482): CodeIgniter\CodeIgniter->runController(Object(App\Controllers\Home))
#8 C:\xampp\htdocs\MX_Bull_International\system\CodeIgniter.php(351): CodeIgniter\CodeIgniter->handleRequest(NULL, Object(Config\Cache), false)
#9 C:\xampp\htdocs\MX_Bull_International\index.php(67): CodeIgniter\CodeIgniter->run()
#10 {main}
ERROR - 2023-02-19 23:39:56 --> Email: Unable to send email using SMTP. Your server might not be configured to send mail using this method.
ERROR - 2023-02-19 23:39:56 --> 
ERROR - 2023-02-19 23:40:11 --> Email: sendWithSmtp throwed ErrorException: fsockopen(): php_network_getaddresses: getaddrinfo failed: No such host is known.  in C:\xampp\htdocs\MX_Bull_International\system\Email\Email.php:1863
Stack trace:
#0 [internal function]: CodeIgniter\Debug\Exceptions->errorHandler(2, 'fsockopen(): ph...', 'C:\\xampp\\htdocs...', 1863, Array)
#1 C:\xampp\htdocs\MX_Bull_International\system\Email\Email.php(1863): fsockopen('tls://smtp.mxbu...', 465, 0, 'php_network_get...', 50)
#2 C:\xampp\htdocs\MX_Bull_International\system\Email\Email.php(1777): CodeIgniter\Email\Email->SMTPConnect()
#3 C:\xampp\htdocs\MX_Bull_International\system\Email\Email.php(1662): CodeIgniter\Email\Email->sendWithSmtp()
#4 C:\xampp\htdocs\MX_Bull_International\system\Email\Email.php(1560): CodeIgniter\Email\Email->spoolEmail()
#5 C:\xampp\htdocs\MX_Bull_International\app\Controllers\Home.php(221): CodeIgniter\Email\Email->send()
#6 C:\xampp\htdocs\MX_Bull_International\system\CodeIgniter.php(927): App\Controllers\Home->enquiry_message()
#7 C:\xampp\htdocs\MX_Bull_International\system\CodeIgniter.php(482): CodeIgniter\CodeIgniter->runController(Object(App\Controllers\Home))
#8 C:\xampp\htdocs\MX_Bull_International\system\CodeIgniter.php(351): CodeIgniter\CodeIgniter->handleRequest(NULL, Object(Config\Cache), false)
#9 C:\xampp\htdocs\MX_Bull_International\index.php(67): CodeIgniter\CodeIgniter->run()
#10 {main}
ERROR - 2023-02-19 23:40:11 --> Email: Unable to send email using SMTP. Your server might not be configured to send mail using this method.
ERROR - 2023-02-19 23:40:11 --> 
ERROR - 2023-02-19 23:40:29 --> Email: sendWithSmtp throwed ErrorException: fsockopen(): php_network_getaddresses: getaddrinfo failed: No such host is known.  in C:\xampp\htdocs\MX_Bull_International\system\Email\Email.php:1863
Stack trace:
#0 [internal function]: CodeIgniter\Debug\Exceptions->errorHandler(2, 'fsockopen(): ph...', 'C:\\xampp\\htdocs...', 1863, Array)
#1 C:\xampp\htdocs\MX_Bull_International\system\Email\Email.php(1863): fsockopen('tls://smtp.mxbu...', 465, 0, 'php_network_get...', 50)
#2 C:\xampp\htdocs\MX_Bull_International\system\Email\Email.php(1777): CodeIgniter\Email\Email->SMTPConnect()
#3 C:\xampp\htdocs\MX_Bull_International\system\Email\Email.php(1662): CodeIgniter\Email\Email->sendWithSmtp()
#4 C:\xampp\htdocs\MX_Bull_International\system\Email\Email.php(1560): CodeIgniter\Email\Email->spoolEmail()
#5 C:\xampp\htdocs\MX_Bull_International\app\Controllers\Home.php(221): CodeIgniter\Email\Email->send()
#6 C:\xampp\htdocs\MX_Bull_International\system\CodeIgniter.php(927): App\Controllers\Home->enquiry_message()
#7 C:\xampp\htdocs\MX_Bull_International\system\CodeIgniter.php(482): CodeIgniter\CodeIgniter->runController(Object(App\Controllers\Home))
#8 C:\xampp\htdocs\MX_Bull_International\system\CodeIgniter.php(351): CodeIgniter\CodeIgniter->handleRequest(NULL, Object(Config\Cache), false)
#9 C:\xampp\htdocs\MX_Bull_International\index.php(67): CodeIgniter\CodeIgniter->run()
#10 {main}
ERROR - 2023-02-19 23:40:29 --> Email: Unable to send email using SMTP. Your server might not be configured to send mail using this method.
ERROR - 2023-02-19 23:40:29 --> 
ERROR - 2023-02-19 23:42:30 --> Email: sendWithSmtp throwed ErrorException: fsockopen(): php_network_getaddresses: getaddrinfo failed: No such host is known.  in C:\xampp\htdocs\MX_Bull_International\system\Email\Email.php:1863
Stack trace:
#0 [internal function]: CodeIgniter\Debug\Exceptions->errorHandler(2, 'fsockopen(): ph...', 'C:\\xampp\\htdocs...', 1863, Array)
#1 C:\xampp\htdocs\MX_Bull_International\system\Email\Email.php(1863): fsockopen('tls://smtp.mxbu...', 465, 0, 'php_network_get...', 50)
#2 C:\xampp\htdocs\MX_Bull_International\system\Email\Email.php(1777): CodeIgniter\Email\Email->SMTPConnect()
#3 C:\xampp\htdocs\MX_Bull_International\system\Email\Email.php(1662): CodeIgniter\Email\Email->sendWithSmtp()
#4 C:\xampp\htdocs\MX_Bull_International\system\Email\Email.php(1560): CodeIgniter\Email\Email->spoolEmail()
#5 C:\xampp\htdocs\MX_Bull_International\app\Controllers\Home.php(222): CodeIgniter\Email\Email->send()
#6 C:\xampp\htdocs\MX_Bull_International\system\CodeIgniter.php(927): App\Controllers\Home->enquiry_message()
#7 C:\xampp\htdocs\MX_Bull_International\system\CodeIgniter.php(482): CodeIgniter\CodeIgniter->runController(Object(App\Controllers\Home))
#8 C:\xampp\htdocs\MX_Bull_International\system\CodeIgniter.php(351): CodeIgniter\CodeIgniter->handleRequest(NULL, Object(Config\Cache), false)
#9 C:\xampp\htdocs\MX_Bull_International\index.php(67): CodeIgniter\CodeIgniter->run()
#10 {main}
ERROR - 2023-02-19 23:42:30 --> Email: Unable to send email using SMTP. Your server might not be configured to send mail using this method.
ERROR - 2023-02-19 23:42:30 --> 
ERROR - 2023-02-19 23:45:29 --> Email: sendWithSmtp throwed ErrorException: fsockopen(): php_network_getaddresses: getaddrinfo failed: No such host is known.  in C:\xampp\htdocs\MX_Bull_International\system\Email\Email.php:1863
Stack trace:
#0 [internal function]: CodeIgniter\Debug\Exceptions->errorHandler(2, 'fsockopen(): ph...', 'C:\\xampp\\htdocs...', 1863, Array)
#1 C:\xampp\htdocs\MX_Bull_International\system\Email\Email.php(1863): fsockopen('tls://smtp.mxbu...', 465, 0, 'php_network_get...', 50)
#2 C:\xampp\htdocs\MX_Bull_International\system\Email\Email.php(1777): CodeIgniter\Email\Email->SMTPConnect()
#3 C:\xampp\htdocs\MX_Bull_International\system\Email\Email.php(1662): CodeIgniter\Email\Email->sendWithSmtp()
#4 C:\xampp\htdocs\MX_Bull_International\system\Email\Email.php(1560): CodeIgniter\Email\Email->spoolEmail()
#5 C:\xampp\htdocs\MX_Bull_International\app\Controllers\Home.php(222): CodeIgniter\Email\Email->send()
#6 C:\xampp\htdocs\MX_Bull_International\system\CodeIgniter.php(927): App\Controllers\Home->enquiry_message()
#7 C:\xampp\htdocs\MX_Bull_International\system\CodeIgniter.php(482): CodeIgniter\CodeIgniter->runController(Object(App\Controllers\Home))
#8 C:\xampp\htdocs\MX_Bull_International\system\CodeIgniter.php(351): CodeIgniter\CodeIgniter->handleRequest(NULL, Object(Config\Cache), false)
#9 C:\xampp\htdocs\MX_Bull_International\index.php(67): CodeIgniter\CodeIgniter->run()
#10 {main}
ERROR - 2023-02-19 23:45:29 --> Email: Unable to send email using SMTP. Your server might not be configured to send mail using this method.
ERROR - 2023-02-19 23:45:29 --> 
ERROR - 2023-02-19 23:55:22 --> Email: sendWithSmtp throwed ErrorException: fsockopen(): php_network_getaddresses: getaddrinfo failed: No such host is known.  in C:\xampp\htdocs\MX_Bull_International\system\Email\Email.php:1863
Stack trace:
#0 [internal function]: CodeIgniter\Debug\Exceptions->errorHandler(2, 'fsockopen(): ph...', 'C:\\xampp\\htdocs...', 1863, Array)
#1 C:\xampp\htdocs\MX_Bull_International\system\Email\Email.php(1863): fsockopen('tls://smtp.mxbu...', 465, 0, 'php_network_get...', 50)
#2 C:\xampp\htdocs\MX_Bull_International\system\Email\Email.php(1777): CodeIgniter\Email\Email->SMTPConnect()
#3 C:\xampp\htdocs\MX_Bull_International\system\Email\Email.php(1662): CodeIgniter\Email\Email->sendWithSmtp()
#4 C:\xampp\htdocs\MX_Bull_International\system\Email\Email.php(1560): CodeIgniter\Email\Email->spoolEmail()
#5 C:\xampp\htdocs\MX_Bull_International\app\Controllers\Home.php(222): CodeIgniter\Email\Email->send()
#6 C:\xampp\htdocs\MX_Bull_International\system\CodeIgniter.php(927): App\Controllers\Home->enquiry_message()
#7 C:\xampp\htdocs\MX_Bull_International\system\CodeIgniter.php(482): CodeIgniter\CodeIgniter->runController(Object(App\Controllers\Home))
#8 C:\xampp\htdocs\MX_Bull_International\system\CodeIgniter.php(351): CodeIgniter\CodeIgniter->handleRequest(NULL, Object(Config\Cache), false)
#9 C:\xampp\htdocs\MX_Bull_International\index.php(67): CodeIgniter\CodeIgniter->run()
#10 {main}
ERROR - 2023-02-19 23:55:22 --> Email: Unable to send email using SMTP. Your server might not be configured to send mail using this method.
ERROR - 2023-02-19 23:55:22 --> 
ERROR - 2023-02-19 23:58:36 --> Email: sendWithSmtp throwed ErrorException: fsockopen(): php_network_getaddresses: getaddrinfo failed: No such host is known.  in C:\xampp\htdocs\MX_Bull_International\system\Email\Email.php:1863
Stack trace:
#0 [internal function]: CodeIgniter\Debug\Exceptions->errorHandler(2, 'fsockopen(): ph...', 'C:\\xampp\\htdocs...', 1863, Array)
#1 C:\xampp\htdocs\MX_Bull_International\system\Email\Email.php(1863): fsockopen('tls://mail.mxbu...', 465, 0, 'php_network_get...', 50)
#2 C:\xampp\htdocs\MX_Bull_International\system\Email\Email.php(1777): CodeIgniter\Email\Email->SMTPConnect()
#3 C:\xampp\htdocs\MX_Bull_International\system\Email\Email.php(1662): CodeIgniter\Email\Email->sendWithSmtp()
#4 C:\xampp\htdocs\MX_Bull_International\system\Email\Email.php(1560): CodeIgniter\Email\Email->spoolEmail()
#5 C:\xampp\htdocs\MX_Bull_International\app\Controllers\Home.php(222): CodeIgniter\Email\Email->send()
#6 C:\xampp\htdocs\MX_Bull_International\system\CodeIgniter.php(927): App\Controllers\Home->enquiry_message()
#7 C:\xampp\htdocs\MX_Bull_International\system\CodeIgniter.php(482): CodeIgniter\CodeIgniter->runController(Object(App\Controllers\Home))
#8 C:\xampp\htdocs\MX_Bull_International\system\CodeIgniter.php(351): CodeIgniter\CodeIgniter->handleRequest(NULL, Object(Config\Cache), false)
#9 C:\xampp\htdocs\MX_Bull_International\index.php(67): CodeIgniter\CodeIgniter->run()
#10 {main}
ERROR - 2023-02-19 23:58:36 --> Email: Unable to send email using SMTP. Your server might not be configured to send mail using this method.
ERROR - 2023-02-19 23:58:36 --> 
